2021-09-15 11:40:24,499 Com ports: xy_port= COM5, z_port= COM16, gripper_port= COM6, pipette_port= COM9
2021-09-15 11:44:37,620 Starting transfering...
2021-09-15 11:44:55,945 Run 1 of 3, adding solvent Ethyl-acetate 1.0 mL to reactor at A1 using tip A2
2021-09-15 11:45:17,019 Run 2 of 3, adding solvent Ethyl-acetate 1.0 mL to reactor at A2 using tip A2
2021-09-15 11:45:39,981 Run 3 of 3, adding solvent Ethyl-acetate 1.0 mL to reactor at A3 using tip A2
2021-09-15 11:46:23,691 *Finished*

2021-09-15 11:47:12,399 Starting transfering...
2021-09-15 11:47:22,475 Run 1 of 1, adding solid KF 0.005 mmol to reactor at A1
2021-09-15 11:47:39,924 *Finished*

2021-09-15 11:48:25,819 Run 1 of 5, transfer cap for reactor@ A1
2021-09-15 11:48:41,410 Run 2 of 5, transfer cap for reactor@ A2
2021-09-15 11:48:57,492 Run 3 of 5, transfer cap for reactor@ A3
2021-09-15 11:49:13,566 Run 4 of 5, transfer cap for reactor@ A4
2021-09-15 11:49:29,641 Run 5 of 5, transfer cap for reactor@ A5
2021-09-15 11:49:45,715 Finished**************

2021-09-15 11:49:55,527 Stopping......

2021-09-15 15:58:28,325 Com ports: xy_port= COM5, z_port= COM16, gripper_port= COM6, pipette_port= COM9
2021-09-15 16:01:35,943 Run 1 of 5, transfer cap for reactor@ A1
2021-09-15 16:01:51,769 Run 2 of 5, transfer cap for reactor@ A2
2021-09-15 16:02:07,656 Run 3 of 5, transfer cap for reactor@ A3
2021-09-15 16:02:23,542 Run 4 of 5, transfer cap for reactor@ A4
2021-09-15 16:02:39,414 Run 5 of 5, transfer cap for reactor@ A5
2021-09-15 16:02:55,271 Finished**************

2021-09-15 16:03:07,676 Simulation mode （模拟运行模式）..........................................................
2021-09-15 16:03:07,692 Running in the saver mode （节省模式启动）
2021-09-15 16:03:07,692 Starting to add common reagents (开始添加每个反应的相同试剂)
2021-09-15 16:03:07,707 
2021-09-15 16:03:07,707 Starting the main sequence (开始主反应序列)
2021-09-15 16:03:07,707 Reaction No. 1 of 5, (tracking number: 09/15/2021/16:03/1)
2021-09-15 16:03:07,707 Transfer AcOH (pure_liquid, 0.0057 mL) from vial@ (C4, C1), to reactor@ A1 ...
2021-09-15 16:03:07,770 Transfer Phenethylamine (pure_liquid, 0.0109 mL) from vial@ (False, A3), to reactor@ A1 ...
2021-09-15 16:03:07,832 Transfer Cyclobutanone (pure_liquid, 0.0102 mL) from vial@ (C4, A2), to reactor@ A1 ...
2021-09-15 16:03:07,895  
2021-09-15 16:03:07,910 Reaction No. 2 of 5, (tracking number: 09/15/2021/16:03/2)
2021-09-15 16:03:07,910 Transfer AcOH (pure_liquid, 0.0057 mL) from vial@ (C4, C1), to reactor@ A2 ...
2021-09-15 16:03:07,973 Transfer Isopropylaniline (pure_liquid, 0.0109 mL) from vial@ (False, B1), to reactor@ A2 ...
2021-09-15 16:03:08,051 Transfer Benzaldehyde (pure_liquid, 0.0102 mL) from vial@ (C4, A3), to reactor@ A2 ...
2021-09-15 16:03:08,113  
2021-09-15 16:03:08,129 Reaction No. 3 of 5, (tracking number: 09/15/2021/16:03/3)
2021-09-15 16:03:08,145 Transfer AcOH (pure_liquid, 0.0057 mL) from vial@ (C4, C1), to reactor@ A3 ...
2021-09-15 16:03:08,223 Transfer Aniline (pure_liquid, 0.0109 mL) from vial@ (False, B2), to reactor@ A3 ...
2021-09-15 16:03:08,301 Transfer Hexanal (pure_liquid, 0.0102 mL) from vial@ (C4, B1), to reactor@ A3 ...
2021-09-15 16:03:08,379  
2021-09-15 16:03:08,395 Reaction No. 4 of 5, (tracking number: 09/15/2021/16:03/4)
2021-09-15 16:03:08,395 Transfer AcOH (pure_liquid, 0.0057 mL) from vial@ (C4, C1), to reactor@ A4 ...
2021-09-15 16:03:08,457 Transfer Pyran-4-amine (pure_liquid, 0.0109 mL) from vial@ (False, A1), to reactor@ A4 ...
2021-09-15 16:03:08,520 Transfer Benzaldehyde (pure_liquid, 0.0102 mL) from vial@ (C4, A3), to reactor@ A4 ...
2021-09-15 16:03:08,582  
2021-09-15 16:03:08,582 Reaction No. 5 of 5, (tracking number: 09/15/2021/16:03/5)
2021-09-15 16:03:08,582 Transfer KF (solid, 1 tablet) from vial@ (C5, A1), to reactor@ A5 ...
2021-09-15 16:03:08,660 Transfer Butylamine (pure_liquid, 0.0109 mL) from vial@ (False, A2), to reactor@ A5 ...
2021-09-15 16:03:08,723 Transfer Tolualdehyde (pure_liquid, 0.0102 mL) from vial@ (C4, A4), to reactor@ A5 ...
2021-09-15 16:03:08,801  
2021-09-15 16:03:08,801 Starting to add remaining common reagents (开始添加尚未加入的相同试剂)
2021-09-15 16:03:08,816 Transfer NaBH3CN (solution, 0.5 mL) from vial@ (A2, A1) to reactor@ A1
2021-09-15 16:03:08,879 Transfer NaBH3CN (solution, 0.5 mL) from vial@ (A2, A1) to reactor@ A2
2021-09-15 16:03:08,957 Transfer NaBH3CN (solution, 0.5 mL) from vial@ (A2, A1) to reactor@ A3
2021-09-15 16:03:09,020 Transfer NaBH3CN (solution, 0.5 mL) from vial@ (A2, A1) to reactor@ A4
2021-09-15 16:03:09,082 Transfer NaBH3CN (solution, 0.5 mL) from vial@ (A2, A1) to reactor@ A5
2021-09-15 16:03:09,145 
2021-09-15 16:03:09,160 Reagents addition completed, start to cap reactors (试剂添加完成！开始反应瓶加盖操作)
2021-09-15 16:03:09,176 Run 1 of 5, adding cap to reactor at A1
2021-09-15 16:03:09,176 Run 2 of 5, adding cap to reactor at A2
2021-09-15 16:03:09,176 Run 3 of 5, adding cap to reactor at A3
2021-09-15 16:03:09,176 Run 4 of 5, adding cap to reactor at A4
2021-09-15 16:03:09,191 Run 5 of 5, adding cap to reactor at A5
2021-09-15 16:03:09,191 *Finished*

2021-09-15 16:03:09,191 Synthesis plan was parsed successfully! All reagents have been located.
2021-09-15 16:03:09,191 Required plates: plate_10mL:001, plate_10mL:002, plate_50mL:003, plate_5mL:001

2021-09-15 16:03:09,207 Warning: unassigned plates: plate_10mL:002

2021-09-15 16:03:09,207 End of simulation..................................................................

2021-09-15 16:03:28,829 Simulation mode （模拟运行模式）..........................................................
2021-09-15 16:03:28,845 Running in the saver mode （节省模式启动）
2021-09-15 16:03:28,845 Starting to add common reagents (开始添加每个反应的相同试剂)
2021-09-15 16:03:28,845 
2021-09-15 16:03:28,845 Starting the main sequence (开始主反应序列)
2021-09-15 16:03:28,845 Reaction No. 1 of 5, (tracking number: 09/15/2021/16:03/1)
2021-09-15 16:03:28,845 Transfer AcOH (pure_liquid, 0.0057 mL) from vial@ (False, C1), to reactor@ A1 ...
2021-09-15 16:03:28,907 Transfer Phenethylamine (pure_liquid, 0.0109 mL) from vial@ (C4, A3), to reactor@ A1 ...
2021-09-15 16:03:28,970 Transfer Cyclobutanone (pure_liquid, 0.0102 mL) from vial@ (False, A2), to reactor@ A1 ...
2021-09-15 16:03:29,032  
2021-09-15 16:03:29,048 Reaction No. 2 of 5, (tracking number: 09/15/2021/16:03/2)
2021-09-15 16:03:29,063 Transfer AcOH (pure_liquid, 0.0057 mL) from vial@ (False, C1), to reactor@ A2 ...
2021-09-15 16:03:29,126 Transfer Isopropylaniline (pure_liquid, 0.0109 mL) from vial@ (C4, B1), to reactor@ A2 ...
2021-09-15 16:03:29,220 Transfer Benzaldehyde (pure_liquid, 0.0102 mL) from vial@ (False, A3), to reactor@ A2 ...
2021-09-15 16:03:29,298  
2021-09-15 16:03:29,298 Reaction No. 3 of 5, (tracking number: 09/15/2021/16:03/3)
2021-09-15 16:03:29,313 Transfer AcOH (pure_liquid, 0.0057 mL) from vial@ (False, C1), to reactor@ A3 ...
2021-09-15 16:03:29,376 Transfer Aniline (pure_liquid, 0.0109 mL) from vial@ (C4, B2), to reactor@ A3 ...
2021-09-15 16:03:29,439 Transfer Hexanal (pure_liquid, 0.0102 mL) from vial@ (False, B1), to reactor@ A3 ...
2021-09-15 16:03:29,501  
2021-09-15 16:03:29,516 Reaction No. 4 of 5, (tracking number: 09/15/2021/16:03/4)
2021-09-15 16:03:29,516 Transfer AcOH (pure_liquid, 0.0057 mL) from vial@ (False, C1), to reactor@ A4 ...
2021-09-15 16:03:29,579 Transfer Pyran-4-amine (pure_liquid, 0.0109 mL) from vial@ (C4, A1), to reactor@ A4 ...
2021-09-15 16:03:29,657 Transfer Benzaldehyde (pure_liquid, 0.0102 mL) from vial@ (False, A3), to reactor@ A4 ...
2021-09-15 16:03:29,735  
2021-09-15 16:03:29,735 Reaction No. 5 of 5, (tracking number: 09/15/2021/16:03/5)
2021-09-15 16:03:29,751 Transfer KF (solid, 1 tablet) from vial@ (C5, A1), to reactor@ A5 ...
2021-09-15 16:03:29,813 Transfer Butylamine (pure_liquid, 0.0109 mL) from vial@ (C4, A2), to reactor@ A5 ...
2021-09-15 16:03:29,891 Transfer Tolualdehyde (pure_liquid, 0.0102 mL) from vial@ (False, A4), to reactor@ A5 ...
2021-09-15 16:03:29,969  
2021-09-15 16:03:29,969 Starting to add remaining common reagents (开始添加尚未加入的相同试剂)
2021-09-15 16:03:29,985 Transfer NaBH3CN (solution, 0.5 mL) from vial@ (A2, A1) to reactor@ A1
2021-09-15 16:03:30,048 Transfer NaBH3CN (solution, 0.5 mL) from vial@ (A2, A1) to reactor@ A2
2021-09-15 16:03:30,126 Transfer NaBH3CN (solution, 0.5 mL) from vial@ (A2, A1) to reactor@ A3
2021-09-15 16:03:30,204 Transfer NaBH3CN (solution, 0.5 mL) from vial@ (A2, A1) to reactor@ A4
2021-09-15 16:03:30,266 Transfer NaBH3CN (solution, 0.5 mL) from vial@ (A2, A1) to reactor@ A5
2021-09-15 16:03:30,329 
2021-09-15 16:03:30,329 Reagents addition completed, start to cap reactors (试剂添加完成！开始反应瓶加盖操作)
2021-09-15 16:03:30,329 Run 1 of 5, adding cap to reactor at A1
2021-09-15 16:03:30,344 Run 2 of 5, adding cap to reactor at A2
2021-09-15 16:03:30,344 Run 3 of 5, adding cap to reactor at A3
2021-09-15 16:03:30,344 Run 4 of 5, adding cap to reactor at A4
2021-09-15 16:03:30,344 Run 5 of 5, adding cap to reactor at A5
2021-09-15 16:03:30,360 *Finished*

2021-09-15 16:03:30,360 Synthesis plan was parsed successfully! All reagents have been located.
2021-09-15 16:03:30,360 Required plates: plate_10mL:001, plate_10mL:002, plate_50mL:003, plate_5mL:001

2021-09-15 16:03:30,360 Warning: unassigned plates: plate_10mL:001

2021-09-15 16:03:30,376 End of simulation..................................................................

2021-09-15 16:03:52,749 Simulation mode （模拟运行模式）..........................................................
2021-09-15 16:03:52,749 Running in the saver mode （节省模式启动）
2021-09-15 16:03:52,749 Starting to add common reagents (开始添加每个反应的相同试剂)
2021-09-15 16:03:52,749 
2021-09-15 16:03:52,764 Starting the main sequence (开始主反应序列)
2021-09-15 16:03:52,764 Reaction No. 1 of 5, (tracking number: 09/15/2021/16:03/1)
2021-09-15 16:03:52,764 Transfer AcOH (pure_liquid, 0.0057 mL) from vial@ (C4, C1), to reactor@ A1 ...
2021-09-15 16:03:52,827 Transfer Phenethylamine (pure_liquid, 0.0109 mL) from vial@ (False, A3), to reactor@ A1 ...
2021-09-15 16:03:52,890 Transfer Cyclobutanone (pure_liquid, 0.0102 mL) from vial@ (C4, A2), to reactor@ A1 ...
2021-09-15 16:03:52,952  
2021-09-15 16:03:52,952 Reaction No. 2 of 5, (tracking number: 09/15/2021/16:03/2)
2021-09-15 16:03:52,952 Transfer AcOH (pure_liquid, 0.0057 mL) from vial@ (C4, C1), to reactor@ A2 ...
2021-09-15 16:03:53,015 Transfer Isopropylaniline (pure_liquid, 0.0109 mL) from vial@ (False, B1), to reactor@ A2 ...
2021-09-15 16:03:53,077 Transfer Benzaldehyde (pure_liquid, 0.0102 mL) from vial@ (C4, A3), to reactor@ A2 ...
2021-09-15 16:03:53,155  
2021-09-15 16:03:53,171 Reaction No. 3 of 5, (tracking number: 09/15/2021/16:03/3)
2021-09-15 16:03:53,171 Transfer AcOH (pure_liquid, 0.0057 mL) from vial@ (C4, C1), to reactor@ A3 ...
2021-09-15 16:03:53,249 Transfer Aniline (pure_liquid, 0.0109 mL) from vial@ (False, B2), to reactor@ A3 ...
2021-09-15 16:03:53,327 Transfer Hexanal (pure_liquid, 0.0102 mL) from vial@ (C4, B1), to reactor@ A3 ...
2021-09-15 16:03:53,390  
2021-09-15 16:03:53,405 Reaction No. 4 of 5, (tracking number: 09/15/2021/16:03/4)
2021-09-15 16:03:53,405 Transfer AcOH (pure_liquid, 0.0057 mL) from vial@ (C4, C1), to reactor@ A4 ...
2021-09-15 16:03:53,468 Transfer Pyran-4-amine (pure_liquid, 0.0109 mL) from vial@ (False, A1), to reactor@ A4 ...
2021-09-15 16:03:53,546 Transfer Benzaldehyde (pure_liquid, 0.0102 mL) from vial@ (C4, A3), to reactor@ A4 ...
2021-09-15 16:03:53,608  
2021-09-15 16:03:53,608 Reaction No. 5 of 5, (tracking number: 09/15/2021/16:03/5)
2021-09-15 16:03:53,608 Transfer KF (solid, 1 tablet) from vial@ (C5, A1), to reactor@ A5 ...
2021-09-15 16:03:53,671 Transfer Butylamine (pure_liquid, 0.0109 mL) from vial@ (False, A2), to reactor@ A5 ...
2021-09-15 16:03:53,733 Transfer Tolualdehyde (pure_liquid, 0.0102 mL) from vial@ (C4, A4), to reactor@ A5 ...
2021-09-15 16:03:53,796  
2021-09-15 16:03:53,796 Starting to add remaining common reagents (开始添加尚未加入的相同试剂)
2021-09-15 16:03:53,811 Transfer NaBH3CN (solution, 0.5 mL) from vial@ (A2, A1) to reactor@ A1
2021-09-15 16:03:53,889 Transfer NaBH3CN (solution, 0.5 mL) from vial@ (A2, A1) to reactor@ A2
2021-09-15 16:03:53,952 Transfer NaBH3CN (solution, 0.5 mL) from vial@ (A2, A1) to reactor@ A3
2021-09-15 16:03:54,015 Transfer NaBH3CN (solution, 0.5 mL) from vial@ (A2, A1) to reactor@ A4
2021-09-15 16:03:54,093 Transfer NaBH3CN (solution, 0.5 mL) from vial@ (A2, A1) to reactor@ A5
2021-09-15 16:03:54,155 
2021-09-15 16:03:54,155 Reagents addition completed, start to cap reactors (试剂添加完成！开始反应瓶加盖操作)
2021-09-15 16:03:54,155 Run 1 of 5, adding cap to reactor at A1
2021-09-15 16:03:54,171 Run 2 of 5, adding cap to reactor at A2
2021-09-15 16:03:54,171 Run 3 of 5, adding cap to reactor at A3
2021-09-15 16:03:54,171 Run 4 of 5, adding cap to reactor at A4
2021-09-15 16:03:54,186 Run 5 of 5, adding cap to reactor at A5
2021-09-15 16:03:54,186 *Finished*

2021-09-15 16:03:54,186 Synthesis plan was parsed successfully! All reagents have been located.
2021-09-15 16:03:54,186 Required plates: plate_10mL:001, plate_10mL:002, plate_50mL:003, plate_5mL:001

2021-09-15 16:03:54,202 Warning: unassigned plates: plate_10mL:002

2021-09-15 16:03:54,202 End of simulation..................................................................

2021-09-15 16:04:24,760 Simulation mode （模拟运行模式）..........................................................
2021-09-15 16:04:24,760 Running in the saver mode （节省模式启动）
2021-09-15 16:04:24,760 Starting to add common reagents (开始添加每个反应的相同试剂)
2021-09-15 16:04:24,760 
2021-09-15 16:04:24,760 Starting the main sequence (开始主反应序列)
2021-09-15 16:04:24,760 Reaction No. 1 of 5, (tracking number: 09/15/2021/16:04/1)
2021-09-15 16:04:24,775 Transfer AcOH (pure_liquid, 0.0057 mL) from vial@ (C4, C1), to reactor@ A1 ...
2021-09-15 16:04:24,838 Transfer Phenethylamine (pure_liquid, 0.0109 mL) from vial@ (B4, A3), to reactor@ A1 ...
2021-09-15 16:04:24,900 Transfer Cyclobutanone (pure_liquid, 0.0102 mL) from vial@ (C4, A2), to reactor@ A1 ...
2021-09-15 16:04:24,963  
2021-09-15 16:04:24,978 Reaction No. 2 of 5, (tracking number: 09/15/2021/16:04/2)
2021-09-15 16:04:24,978 Transfer AcOH (pure_liquid, 0.0057 mL) from vial@ (C4, C1), to reactor@ A2 ...
2021-09-15 16:04:25,057 Transfer Isopropylaniline (pure_liquid, 0.0109 mL) from vial@ (B4, B1), to reactor@ A2 ...
2021-09-15 16:04:25,119 Transfer Benzaldehyde (pure_liquid, 0.0102 mL) from vial@ (C4, A3), to reactor@ A2 ...
2021-09-15 16:04:25,182  
2021-09-15 16:04:25,182 Reaction No. 3 of 5, (tracking number: 09/15/2021/16:04/3)
2021-09-15 16:04:25,197 Transfer AcOH (pure_liquid, 0.0057 mL) from vial@ (C4, C1), to reactor@ A3 ...
2021-09-15 16:04:25,260 Transfer Aniline (pure_liquid, 0.0109 mL) from vial@ (B4, B2), to reactor@ A3 ...
2021-09-15 16:04:25,322 Transfer Hexanal (pure_liquid, 0.0102 mL) from vial@ (C4, B1), to reactor@ A3 ...
2021-09-15 16:04:25,385  
2021-09-15 16:04:25,400 Reaction No. 4 of 5, (tracking number: 09/15/2021/16:04/4)
2021-09-15 16:04:25,400 Transfer AcOH (pure_liquid, 0.0057 mL) from vial@ (C4, C1), to reactor@ A4 ...
2021-09-15 16:04:25,478 Transfer Pyran-4-amine (pure_liquid, 0.0109 mL) from vial@ (B4, A1), to reactor@ A4 ...
2021-09-15 16:04:25,557 Transfer Benzaldehyde (pure_liquid, 0.0102 mL) from vial@ (C4, A3), to reactor@ A4 ...
2021-09-15 16:04:25,619  
2021-09-15 16:04:25,619 Reaction No. 5 of 5, (tracking number: 09/15/2021/16:04/5)
2021-09-15 16:04:25,635 Transfer KF (solid, 1 tablet) from vial@ (C5, A1), to reactor@ A5 ...
2021-09-15 16:04:25,697 Transfer Butylamine (pure_liquid, 0.0109 mL) from vial@ (B4, A2), to reactor@ A5 ...
2021-09-15 16:04:25,760 Transfer Tolualdehyde (pure_liquid, 0.0102 mL) from vial@ (C4, A4), to reactor@ A5 ...
2021-09-15 16:04:25,838  
2021-09-15 16:04:25,838 Starting to add remaining common reagents (开始添加尚未加入的相同试剂)
2021-09-15 16:04:25,854 Transfer NaBH3CN (solution, 0.5 mL) from vial@ (A2, A1) to reactor@ A1
2021-09-15 16:04:25,916 Transfer NaBH3CN (solution, 0.5 mL) from vial@ (A2, A1) to reactor@ A2
2021-09-15 16:04:25,979 Transfer NaBH3CN (solution, 0.5 mL) from vial@ (A2, A1) to reactor@ A3
2021-09-15 16:04:26,072 Transfer NaBH3CN (solution, 0.5 mL) from vial@ (A2, A1) to reactor@ A4
2021-09-15 16:04:26,135 Transfer NaBH3CN (solution, 0.5 mL) from vial@ (A2, A1) to reactor@ A5
2021-09-15 16:04:26,197 
2021-09-15 16:04:26,213 Reagents addition completed, start to cap reactors (试剂添加完成！开始反应瓶加盖操作)
2021-09-15 16:04:26,228 Run 1 of 5, adding cap to reactor at A1
2021-09-15 16:04:26,244 Run 2 of 5, adding cap to reactor at A2
2021-09-15 16:04:26,244 Run 3 of 5, adding cap to reactor at A3
2021-09-15 16:04:26,244 Run 4 of 5, adding cap to reactor at A4
2021-09-15 16:04:26,244 Run 5 of 5, adding cap to reactor at A5
2021-09-15 16:04:26,260 *Finished*

2021-09-15 16:04:26,260 Synthesis plan was parsed successfully! All reagents have been located.
2021-09-15 16:04:26,260 Required plates: plate_10mL:001, plate_10mL:002, plate_50mL:003, plate_5mL:001

2021-09-15 16:04:26,260 End of simulation..................................................................

2021-09-15 16:04:50,572 Start running...........................................................................
2021-09-15 16:04:50,588 Running in the saver mode （节省模式启动）
2021-09-15 16:04:50,603 Starting to add common reagents (开始添加每个反应的相同试剂)
2021-09-15 16:04:50,603 
2021-09-15 16:04:50,603 Starting the main sequence (开始主反应序列)
2021-09-15 16:04:50,619 Reaction No. 1 of 5, (tracking number: 09/15/2021/16:04/1)
2021-09-15 16:04:50,619 Transfer AcOH (pure_liquid, 0.0057 mL) from vial@ (C4, C1), to reactor@ A1 ...
2021-09-15 16:05:52,231 Transfer Phenethylamine (pure_liquid, 0.0109 mL) from vial@ (B4, A3), to reactor@ A1 ...
2021-09-15 16:06:46,531 Transfer Cyclobutanone (pure_liquid, 0.0102 mL) from vial@ (C4, A2), to reactor@ A1 ...
2021-09-15 16:07:47,784  
2021-09-15 16:07:47,800 Reaction No. 2 of 5, (tracking number: 09/15/2021/16:04/2)
2021-09-15 16:07:47,800 Transfer AcOH (pure_liquid, 0.0057 mL) from vial@ (C4, C1), to reactor@ A2 ...
2021-09-15 16:08:48,007 Transfer Isopropylaniline (pure_liquid, 0.0109 mL) from vial@ (B4, B1), to reactor@ A2 ...
2021-09-15 16:09:41,423 Transfer Benzaldehyde (pure_liquid, 0.0102 mL) from vial@ (C4, A3), to reactor@ A2 ...
2021-09-15 16:10:36,324  
2021-09-15 16:10:36,324 Reaction No. 3 of 5, (tracking number: 09/15/2021/16:04/3)
2021-09-15 16:10:36,324 Transfer AcOH (pure_liquid, 0.0057 mL) from vial@ (C4, C1), to reactor@ A3 ...
2021-09-15 16:11:38,014 Transfer Aniline (pure_liquid, 0.0109 mL) from vial@ (B4, B2), to reactor@ A3 ...
2021-09-15 16:12:31,643 Transfer Hexanal (pure_liquid, 0.0102 mL) from vial@ (C4, B1), to reactor@ A3 ...
2021-09-15 16:13:32,826  
2021-09-15 16:13:32,842 Reaction No. 4 of 5, (tracking number: 09/15/2021/16:04/4)
2021-09-15 16:13:32,842 Transfer AcOH (pure_liquid, 0.0057 mL) from vial@ (C4, C1), to reactor@ A4 ...
2021-09-15 16:14:32,877 Transfer Pyran-4-amine (pure_liquid, 0.0109 mL) from vial@ (B4, A1), to reactor@ A4 ...
2021-09-15 16:15:26,384 Transfer Benzaldehyde (pure_liquid, 0.0102 mL) from vial@ (C4, A3), to reactor@ A4 ...
2021-09-15 16:16:21,076  
2021-09-15 16:16:21,076 Reaction No. 5 of 5, (tracking number: 09/15/2021/16:04/5)
2021-09-15 16:16:21,091 Transfer KF (solid, 1 tablet) from vial@ (C5, A1), to reactor@ A5 ...
2021-09-15 16:16:58,115 Transfer Butylamine (pure_liquid, 0.0109 mL) from vial@ (B4, A2), to reactor@ A5 ...
2021-09-15 16:17:52,057 Transfer Tolualdehyde (pure_liquid, 0.0102 mL) from vial@ (C4, A4), to reactor@ A5 ...
2021-09-15 16:18:46,983  
2021-09-15 16:18:46,998 Starting to add remaining common reagents (开始添加尚未加入的相同试剂)
2021-09-15 16:18:55,873 Transfer NaBH3CN (solution, 0.5 mL) from vial@ (A2, A1) to reactor@ A1
2021-09-15 16:19:42,316 Transfer NaBH3CN (solution, 0.5 mL) from vial@ (A2, A1) to reactor@ A2
2021-09-15 16:19:56,454 Paused ......

2021-09-15 16:20:32,571 Transfer NaBH3CN (solution, 0.5 mL) from vial@ (A2, A1) to reactor@ A3
2021-09-15 16:20:54,114 Transfer NaBH3CN (solution, 0.5 mL) from vial@ (A2, A1) to reactor@ A4
2021-09-15 16:21:15,672 Transfer NaBH3CN (solution, 0.5 mL) from vial@ (A2, A1) to reactor@ A5
2021-09-15 16:21:57,834 
2021-09-15 16:21:57,834 Reagents addition completed, start to cap reactors (试剂添加完成！开始反应瓶加盖操作)
2021-09-15 16:21:57,850 Run 1 of 5, adding cap to reactor at A1
2021-09-15 16:22:14,112 Run 2 of 5, adding cap to reactor at A2
2021-09-15 16:22:30,202 Run 3 of 5, adding cap to reactor at A3
2021-09-15 16:22:46,183 Run 4 of 5, adding cap to reactor at A4
2021-09-15 16:23:02,289 Run 5 of 5, adding cap to reactor at A5
2021-09-15 16:23:18,364 *Finished*

2021-09-15 16:24:40,083 Run 1 of 5, transfer cap for reactor@ A1
2021-09-15 16:24:55,908 Run 2 of 5, transfer cap for reactor@ A2
2021-09-15 16:25:11,780 Run 3 of 5, transfer cap for reactor@ A3
2021-09-15 16:25:27,651 Run 4 of 5, transfer cap for reactor@ A4
2021-09-15 16:25:43,522 Run 5 of 5, transfer cap for reactor@ A5
2021-09-15 16:25:59,410 Finished**************

