2021-09-14 09:38:50,514 Com ports: xy_port= COM5, z_port= COM16, gripper_port= COM6, pipette_port= COM9
2021-09-14 09:46:49,760 Simulation mode （模拟运行模式）..........................................................
2021-09-14 09:46:49,776 Running in the saver mode （节省模式启动）
2021-09-14 09:46:49,776 Starting to add common reagents (开始添加每个反应的相同试剂)
2021-09-14 09:46:49,776 
2021-09-14 09:46:49,792 Starting the main sequence (开始主反应序列)
2021-09-14 09:46:49,792 Reaction No. 1 of 5, (tracking number: 09/14/2021/09:46/1)
2021-09-14 09:46:49,792 Transfer AcOH (pure_liquid, 0.0057 mL) from vial@ (C4, C1), to reactor@ A1 ...
2021-09-14 09:46:49,854 Transfer Phenethylamine (pure_liquid, 0.0109 mL) from vial@ (False, A3), to reactor@ A1 ...
2021-09-14 09:46:49,917 Transfer Cyclobutanone (pure_liquid, 0.0102 mL) from vial@ (C4, A2), to reactor@ A1 ...
2021-09-14 09:46:49,979  
2021-09-14 09:46:49,995 Reaction No. 2 of 5, (tracking number: 09/14/2021/09:46/2)
2021-09-14 09:46:50,011 Transfer AcOH (pure_liquid, 0.0057 mL) from vial@ (C4, C1), to reactor@ A2 ...
2021-09-14 09:46:50,104 Transfer Isopropylaniline (pure_liquid, 0.0109 mL) from vial@ (False, B1), to reactor@ A2 ...
2021-09-14 09:46:50,182 Transfer Benzaldehyde (pure_liquid, 0.0102 mL) from vial@ (C4, A3), to reactor@ A2 ...
2021-09-14 09:46:50,245  
2021-09-14 09:46:50,260 Reaction No. 3 of 5, (tracking number: 09/14/2021/09:46/3)
2021-09-14 09:46:50,260 Transfer AcOH (pure_liquid, 0.0057 mL) from vial@ (C4, C1), to reactor@ A3 ...
2021-09-14 09:46:50,323 Transfer Aniline (pure_liquid, 0.0109 mL) from vial@ (False, B2), to reactor@ A3 ...
2021-09-14 09:46:50,401 Transfer Hexanal (pure_liquid, 0.0102 mL) from vial@ (C4, B1), to reactor@ A3 ...
2021-09-14 09:46:50,464  
2021-09-14 09:46:50,479 Reaction No. 4 of 5, (tracking number: 09/14/2021/09:46/4)
2021-09-14 09:46:50,479 Transfer AcOH (pure_liquid, 0.0057 mL) from vial@ (C4, C1), to reactor@ A4 ...
2021-09-14 09:46:50,542 Transfer Pyran-4-amine (pure_liquid, 0.0109 mL) from vial@ (False, A1), to reactor@ A4 ...
2021-09-14 09:46:50,604 Transfer Benzaldehyde (pure_liquid, 0.0102 mL) from vial@ (C4, A3), to reactor@ A4 ...
2021-09-14 09:46:50,667  
2021-09-14 09:46:50,682 Reaction No. 5 of 5, (tracking number: 09/14/2021/09:46/5)
2021-09-14 09:46:50,698 Transfer KF (solid, 1 tablet) from vial@ (C5, A1), to reactor@ A5 ...
2021-09-14 09:46:50,761 Transfer Butylamine (pure_liquid, 0.0109 mL) from vial@ (False, A2), to reactor@ A5 ...
2021-09-14 09:46:50,823 Transfer Tolualdehyde (pure_liquid, 0.0102 mL) from vial@ (C4, A4), to reactor@ A5 ...
2021-09-14 09:46:50,886  
2021-09-14 09:46:50,886 Starting to add remaining common reagents (开始添加尚未加入的相同试剂)
2021-09-14 09:46:50,901 Transfer NaBH3CN (solution, 0.5 mL) from vial@ (A2, A1) to reactor@ A1
2021-09-14 09:46:50,964 Transfer NaBH3CN (solution, 0.5 mL) from vial@ (A2, A1) to reactor@ A2
2021-09-14 09:46:51,027 Transfer NaBH3CN (solution, 0.5 mL) from vial@ (A2, A1) to reactor@ A3
2021-09-14 09:46:51,089 Transfer NaBH3CN (solution, 0.5 mL) from vial@ (A2, A1) to reactor@ A4
2021-09-14 09:46:51,152 Transfer NaBH3CN (solution, 0.5 mL) from vial@ (A2, A1) to reactor@ A5
2021-09-14 09:46:51,214 
2021-09-14 09:46:51,230 Reagents addition completed, start to cap reactors (试剂添加完成！开始反应瓶加盖操作)
2021-09-14 09:46:51,230 Run 1 of 5, adding cap to reactor at A1
2021-09-14 09:46:51,230 Run 2 of 5, adding cap to reactor at A2
2021-09-14 09:46:51,230 Run 3 of 5, adding cap to reactor at A3
2021-09-14 09:46:51,245 Run 4 of 5, adding cap to reactor at A4
2021-09-14 09:46:51,245 Run 5 of 5, adding cap to reactor at A5
2021-09-14 09:46:51,245 *Finished*

2021-09-14 09:46:51,245 Synthesis plan was parsed successfully! All reagents have been located.
2021-09-14 09:46:51,261 Required plates: plate_50mL:003, plate_5mL:001, plate_10mL:002, plate_10mL:001

2021-09-14 09:46:51,261 Warning: unassigned plates: plate_10mL:002

2021-09-14 09:46:51,261 End of simulation..................................................................

2021-09-14 09:57:10,420 Start sampling...

2021-09-14 09:57:10,436 Run 1 of 3, sampling 0.005 mL from reactor A1 to GC/LC vial at A1
2021-09-14 09:58:07,080 Run 2 of 3, sampling 0.005 mL from reactor A2 to GC/LC vial at A2
2021-09-14 09:58:15,375 Stopping......

2021-09-14 09:58:18,265 Stopping......

2021-09-14 09:58:37,028 Run 3 of 3, sampling 0.005 mL from reactor A3 to GC/LC vial at A3
2021-09-14 09:58:41,418 Stopping......

2021-09-14 10:00:40,918 Start sampling...

2021-09-14 10:00:40,934 Run 1 of 1, sampling 0.005 mL from reactor A3 to GC/LC vial at A3
2021-09-14 10:01:55,777 Sampling competed, starting to add dilution solvent...
2021-09-14 10:01:55,777 Run 1 of 1, adding dilution solvent MeOH 0.8 mL to GC/LC vial at A3
2021-09-14 10:02:37,644 *Finished*

2021-09-14 10:03:16,405 Start sampling...

2021-09-14 10:03:16,420 Run 1 of 2, sampling 0.005 mL from reactor A4 to GC/LC vial at A4
2021-09-14 10:03:23,967 Stopping......

2021-09-14 10:03:31,090 Stopping......

2021-09-14 10:11:08,670 Run 2 of 2, sampling 0.005 mL from reactor A5 to GC/LC vial at A5
2021-09-14 10:11:11,701 Stopping......

2021-09-14 10:21:08,755 Com ports: xy_port= COM5, z_port= COM16, gripper_port= COM6, pipette_port= COM9
2021-09-14 10:21:48,452 Start sampling...

2021-09-14 10:21:48,467 Run 1 of 1, sampling 0.005 mL from reactor A1 to GC/LC vial at A1
2021-09-14 10:22:22,008 Stopping......

2021-09-14 10:22:48,134 Start sampling...

2021-09-14 10:22:48,134 Run 1 of 1, sampling 0.005 mL from reactor A1 to GC/LC vial at A1
2021-09-14 10:24:01,213 Sampling competed, starting to add dilution solvent...
2021-09-14 10:24:01,213 Run 1 of 1, adding dilution solvent MeOH 0.8 mL to GC/LC vial at A1
2021-09-14 10:24:43,240 *Finished*

2021-09-14 10:39:56,338 Simulation mode （模拟运行模式）..........................................................
2021-09-14 10:39:56,338 Reaction No. 1 of 5, (tracking number: 09/14/2021/10:39/1)
2021-09-14 10:39:56,338 Transfer AcOH (pure_liquid, 0.0057 mL) from vial@ (C4, C1), to reactor@ A1 ...
2021-09-14 10:39:56,400 Transfer Phenethylamine (pure_liquid, 0.0109 mL) from vial@ (False, A3), to reactor@ A1 ...
2021-09-14 10:39:56,463 Transfer Cyclobutanone (pure_liquid, 0.0102 mL) from vial@ (C4, A2), to reactor@ A1 ...
2021-09-14 10:39:56,525 Transfer NaBH3CN (solution, 0.5 mL) from vial@ (A2, A1), to reactor@ A1 ...
2021-09-14 10:39:56,588  
2021-09-14 10:39:56,603 Reaction No. 2 of 5, (tracking number: 09/14/2021/10:39/2)
2021-09-14 10:39:56,603 Transfer AcOH (pure_liquid, 0.0057 mL) from vial@ (C4, C1), to reactor@ A2 ...
2021-09-14 10:39:56,666 Transfer Isopropylaniline (pure_liquid, 0.0109 mL) from vial@ (False, B1), to reactor@ A2 ...
2021-09-14 10:39:56,728 Transfer Benzaldehyde (pure_liquid, 0.0102 mL) from vial@ (C4, A3), to reactor@ A2 ...
2021-09-14 10:39:56,791 Transfer NaBH3CN (solution, 0.5 mL) from vial@ (A2, A1), to reactor@ A2 ...
2021-09-14 10:39:56,853  
2021-09-14 10:39:56,869 Reaction No. 3 of 5, (tracking number: 09/14/2021/10:39/3)
2021-09-14 10:39:56,885 Transfer AcOH (pure_liquid, 0.0057 mL) from vial@ (C4, C1), to reactor@ A3 ...
2021-09-14 10:39:56,963 Transfer Aniline (pure_liquid, 0.0109 mL) from vial@ (False, B2), to reactor@ A3 ...
2021-09-14 10:39:57,041 Transfer Hexanal (pure_liquid, 0.0102 mL) from vial@ (C4, B1), to reactor@ A3 ...
2021-09-14 10:39:57,103 Transfer NaBH3CN (solution, 0.5 mL) from vial@ (A2, A1), to reactor@ A3 ...
2021-09-14 10:39:57,166  
2021-09-14 10:39:57,181 Reaction No. 4 of 5, (tracking number: 09/14/2021/10:39/4)
2021-09-14 10:39:57,181 Transfer AcOH (pure_liquid, 0.0057 mL) from vial@ (C4, C1), to reactor@ A4 ...
2021-09-14 10:39:57,244 Transfer Pyran-4-amine (pure_liquid, 0.0109 mL) from vial@ (False, A1), to reactor@ A4 ...
2021-09-14 10:39:57,306 Transfer Benzaldehyde (pure_liquid, 0.0102 mL) from vial@ (C4, A3), to reactor@ A4 ...
2021-09-14 10:39:57,369 Transfer NaBH3CN (solution, 0.5 mL) from vial@ (A2, A1), to reactor@ A4 ...
2021-09-14 10:39:57,431  
2021-09-14 10:39:57,431 Reaction No. 5 of 5, (tracking number: 09/14/2021/10:39/5)
2021-09-14 10:39:57,431 Transfer KF (solid, 1 tablet) from vial@ (C5, A1), to reactor@ A5 ...
2021-09-14 10:39:57,494 Transfer Butylamine (pure_liquid, 0.0109 mL) from vial@ (False, A2), to reactor@ A5 ...
2021-09-14 10:39:57,572 Transfer Tolualdehyde (pure_liquid, 0.0102 mL) from vial@ (C4, A4), to reactor@ A5 ...
2021-09-14 10:39:57,634 Transfer NaBH3CN (solution, 0.5 mL) from vial@ (A2, A1), to reactor@ A5 ...
2021-09-14 10:39:57,697  
2021-09-14 10:39:57,712 *Finished*

2021-09-14 10:39:57,712 Synthesis plan was parsed successfully! All reagents have been located.
2021-09-14 10:39:57,712 Required plates: plate_5mL:001, plate_10mL:001, plate_50mL:003, plate_10mL:002

2021-09-14 10:39:57,712 Warning: unassigned plates: plate_10mL:002

2021-09-14 10:39:57,728 End of simulation..................................................................

2021-09-14 10:45:35,883 Paused ......

2021-09-14 10:45:40,726 Paused ......

2021-09-14 10:45:47,271 Simulation mode （模拟运行模式）..........................................................
2021-09-14 10:45:47,271 Reaction No. 1 of 5, (tracking number: 09/14/2021/10:45/1)
2021-09-14 10:45:47,271 Transfer AcOH (pure_liquid, 0.0057 mL) from vial@ (C4, C1), to reactor@ A1 ...
2021-09-14 10:45:47,334 Transfer Phenethylamine (pure_liquid, 0.0109 mL) from vial@ (False, A3), to reactor@ A1 ...
2021-09-14 10:45:47,396 Transfer Cyclobutanone (pure_liquid, 0.0102 mL) from vial@ (C4, A2), to reactor@ A1 ...
2021-09-14 10:45:47,459 Transfer NaBH3CN (solution, 0.5 mL) from vial@ (A2, A1), to reactor@ A1 ...
2021-09-14 10:45:47,521  
2021-09-14 10:45:47,521 Reaction No. 2 of 5, (tracking number: 09/14/2021/10:45/2)
2021-09-14 10:45:47,521 Transfer AcOH (pure_liquid, 0.0057 mL) from vial@ (C4, C1), to reactor@ A2 ...
2021-09-14 10:45:47,584 Transfer Isopropylaniline (pure_liquid, 0.0109 mL) from vial@ (False, B1), to reactor@ A2 ...
2021-09-14 10:45:47,646 Transfer Benzaldehyde (pure_liquid, 0.0102 mL) from vial@ (C4, A3), to reactor@ A2 ...
2021-09-14 10:45:47,709 Transfer NaBH3CN (solution, 0.5 mL) from vial@ (A2, A1), to reactor@ A2 ...
2021-09-14 10:45:47,771  
2021-09-14 10:45:47,787 Reaction No. 3 of 5, (tracking number: 09/14/2021/10:45/3)
2021-09-14 10:45:47,787 Transfer AcOH (pure_liquid, 0.0057 mL) from vial@ (C4, C1), to reactor@ A3 ...
2021-09-14 10:45:47,849 Transfer Aniline (pure_liquid, 0.0109 mL) from vial@ (False, B2), to reactor@ A3 ...
2021-09-14 10:45:47,912 Transfer Hexanal (pure_liquid, 0.0102 mL) from vial@ (C4, B1), to reactor@ A3 ...
2021-09-14 10:45:47,974 Transfer NaBH3CN (solution, 0.5 mL) from vial@ (A2, A1), to reactor@ A3 ...
2021-09-14 10:45:48,037  
2021-09-14 10:45:48,037 Reaction No. 4 of 5, (tracking number: 09/14/2021/10:45/4)
2021-09-14 10:45:48,037 Transfer AcOH (pure_liquid, 0.0057 mL) from vial@ (C4, C1), to reactor@ A4 ...
2021-09-14 10:45:48,099 Transfer Pyran-4-amine (pure_liquid, 0.0109 mL) from vial@ (False, A1), to reactor@ A4 ...
2021-09-14 10:45:48,162 Transfer Benzaldehyde (pure_liquid, 0.0102 mL) from vial@ (C4, A3), to reactor@ A4 ...
2021-09-14 10:45:48,240 Transfer NaBH3CN (solution, 0.5 mL) from vial@ (A2, A1), to reactor@ A4 ...
2021-09-14 10:45:48,302  
2021-09-14 10:45:48,318 Reaction No. 5 of 5, (tracking number: 09/14/2021/10:45/5)
2021-09-14 10:45:48,333 Transfer KF (solid, 1 tablet) from vial@ (C5, A1), to reactor@ A5 ...
2021-09-14 10:45:48,412 Transfer Butylamine (pure_liquid, 0.0109 mL) from vial@ (False, A2), to reactor@ A5 ...
2021-09-14 10:45:48,474 Transfer Tolualdehyde (pure_liquid, 0.0102 mL) from vial@ (C4, A4), to reactor@ A5 ...
2021-09-14 10:45:48,537 Transfer NaBH3CN (solution, 0.5 mL) from vial@ (A2, A1), to reactor@ A5 ...
2021-09-14 10:45:48,599  
2021-09-14 10:45:48,599 *Finished*

2021-09-14 10:45:48,599 Synthesis plan was parsed successfully! All reagents have been located.
2021-09-14 10:45:48,599 Required plates: plate_5mL:001, plate_10mL:001, plate_50mL:003, plate_10mL:002

2021-09-14 10:45:48,615 Warning: unassigned plates: plate_10mL:002

2021-09-14 10:45:48,615 End of simulation..................................................................

2021-09-14 10:46:02,643 Simulation mode （模拟运行模式）..........................................................
2021-09-14 10:46:02,643 Reaction No. 1 of 5, (tracking number: 09/14/2021/10:46/1)
2021-09-14 10:46:02,643 Transfer AcOH (pure_liquid, 0.0057 mL) from vial@ (C4, C1), to reactor@ A1 ...
2021-09-14 10:46:02,706 Transfer Phenethylamine (pure_liquid, 0.0109 mL) from vial@ (False, A3), to reactor@ A1 ...
2021-09-14 10:46:02,768 Transfer Cyclobutanone (pure_liquid, 0.0102 mL) from vial@ (C4, A2), to reactor@ A1 ...
2021-09-14 10:46:02,831 Transfer NaBH3CN (solution, 0.5 mL) from vial@ (A2, A1), to reactor@ A1 ...
2021-09-14 10:46:02,893  
2021-09-14 10:46:02,893 Reaction No. 2 of 5, (tracking number: 09/14/2021/10:46/2)
2021-09-14 10:46:02,909 Transfer AcOH (pure_liquid, 0.0057 mL) from vial@ (C4, C1), to reactor@ A2 ...
2021-09-14 10:46:02,971 Transfer Isopropylaniline (pure_liquid, 0.0109 mL) from vial@ (False, B1), to reactor@ A2 ...
2021-09-14 10:46:03,034 Transfer Benzaldehyde (pure_liquid, 0.0102 mL) from vial@ (C4, A3), to reactor@ A2 ...
2021-09-14 10:46:03,096 Transfer NaBH3CN (solution, 0.5 mL) from vial@ (A2, A1), to reactor@ A2 ...
2021-09-14 10:46:03,174  
2021-09-14 10:46:03,190 Reaction No. 3 of 5, (tracking number: 09/14/2021/10:46/3)
2021-09-14 10:46:03,190 Transfer AcOH (pure_liquid, 0.0057 mL) from vial@ (C4, C1), to reactor@ A3 ...
2021-09-14 10:46:03,253 Transfer Aniline (pure_liquid, 0.0109 mL) from vial@ (False, B2), to reactor@ A3 ...
2021-09-14 10:46:03,315 Transfer Hexanal (pure_liquid, 0.0102 mL) from vial@ (C4, B1), to reactor@ A3 ...
2021-09-14 10:46:03,378 Transfer NaBH3CN (solution, 0.5 mL) from vial@ (A2, A1), to reactor@ A3 ...
2021-09-14 10:46:03,440  
2021-09-14 10:46:03,456 Reaction No. 4 of 5, (tracking number: 09/14/2021/10:46/4)
2021-09-14 10:46:03,471 Transfer AcOH (pure_liquid, 0.0057 mL) from vial@ (C4, C1), to reactor@ A4 ...
2021-09-14 10:46:03,549 Transfer Pyran-4-amine (pure_liquid, 0.0109 mL) from vial@ (False, A1), to reactor@ A4 ...
2021-09-14 10:46:03,627 Transfer Benzaldehyde (pure_liquid, 0.0102 mL) from vial@ (C4, A3), to reactor@ A4 ...
2021-09-14 10:46:03,706 Transfer NaBH3CN (solution, 0.5 mL) from vial@ (A2, A1), to reactor@ A4 ...
2021-09-14 10:46:03,768  
2021-09-14 10:46:03,768 Reaction No. 5 of 5, (tracking number: 09/14/2021/10:46/5)
2021-09-14 10:46:03,768 Transfer KF (solid, 1 tablet) from vial@ (C5, A1), to reactor@ A5 ...
2021-09-14 10:46:03,831 Transfer Butylamine (pure_liquid, 0.0109 mL) from vial@ (False, A2), to reactor@ A5 ...
2021-09-14 10:46:03,893 Transfer Tolualdehyde (pure_liquid, 0.0102 mL) from vial@ (C4, A4), to reactor@ A5 ...
2021-09-14 10:46:03,956 Transfer NaBH3CN (solution, 0.5 mL) from vial@ (A2, A1), to reactor@ A5 ...
2021-09-14 10:46:04,034  
2021-09-14 10:46:04,034 *Finished*

2021-09-14 10:46:04,049 Synthesis plan was parsed successfully! All reagents have been located.
2021-09-14 10:46:04,049 Required plates: plate_5mL:001, plate_10mL:001, plate_50mL:003, plate_10mL:002

2021-09-14 10:46:04,049 Warning: unassigned plates: plate_10mL:002

2021-09-14 10:46:04,065 End of simulation..................................................................

2021-09-14 10:47:03,681 Simulation mode （模拟运行模式）..........................................................
2021-09-14 10:47:03,681 Reaction No. 1 of 5, (tracking number: 09/14/2021/10:47/1)
2021-09-14 10:47:03,681 Transfer AcOH (pure_liquid, 0.0057 mL) from vial@ (C4, C1), to reactor@ A1 ...
2021-09-14 10:47:03,743 Transfer Phenethylamine (pure_liquid, 0.0109 mL) from vial@ (False, A3), to reactor@ A1 ...
2021-09-14 10:47:03,806 Transfer Cyclobutanone (pure_liquid, 0.0102 mL) from vial@ (C4, A2), to reactor@ A1 ...
2021-09-14 10:47:03,868 Transfer NaBH3CN (solution, 0.5 mL) from vial@ (A2, A1), to reactor@ A1 ...
2021-09-14 10:47:03,931 Add cap to reactor@ A1
2021-09-14 10:47:03,946  
2021-09-14 10:47:03,962 Reaction No. 2 of 5, (tracking number: 09/14/2021/10:47/2)
2021-09-14 10:47:03,962 Transfer AcOH (pure_liquid, 0.0057 mL) from vial@ (C4, C1), to reactor@ A2 ...
2021-09-14 10:47:04,025 Transfer Isopropylaniline (pure_liquid, 0.0109 mL) from vial@ (False, B1), to reactor@ A2 ...
2021-09-14 10:47:04,103 Transfer Benzaldehyde (pure_liquid, 0.0102 mL) from vial@ (C4, A3), to reactor@ A2 ...
2021-09-14 10:47:04,165 Transfer NaBH3CN (solution, 0.5 mL) from vial@ (A2, A1), to reactor@ A2 ...
2021-09-14 10:47:04,228 Add cap to reactor@ A2
2021-09-14 10:47:04,243  
2021-09-14 10:47:04,243 Reaction No. 3 of 5, (tracking number: 09/14/2021/10:47/3)
2021-09-14 10:47:04,243 Transfer AcOH (pure_liquid, 0.0057 mL) from vial@ (C4, C1), to reactor@ A3 ...
2021-09-14 10:47:04,306 Transfer Aniline (pure_liquid, 0.0109 mL) from vial@ (False, B2), to reactor@ A3 ...
2021-09-14 10:47:04,384 Transfer Hexanal (pure_liquid, 0.0102 mL) from vial@ (C4, B1), to reactor@ A3 ...
2021-09-14 10:47:04,447 Transfer NaBH3CN (solution, 0.5 mL) from vial@ (A2, A1), to reactor@ A3 ...
2021-09-14 10:47:04,509 Add cap to reactor@ A3
2021-09-14 10:47:04,524  
2021-09-14 10:47:04,524 Reaction No. 4 of 5, (tracking number: 09/14/2021/10:47/4)
2021-09-14 10:47:04,540 Transfer AcOH (pure_liquid, 0.0057 mL) from vial@ (C4, C1), to reactor@ A4 ...
2021-09-14 10:47:04,603 Transfer Pyran-4-amine (pure_liquid, 0.0109 mL) from vial@ (False, A1), to reactor@ A4 ...
2021-09-14 10:47:04,665 Transfer Benzaldehyde (pure_liquid, 0.0102 mL) from vial@ (C4, A3), to reactor@ A4 ...
2021-09-14 10:47:04,728 Transfer NaBH3CN (solution, 0.5 mL) from vial@ (A2, A1), to reactor@ A4 ...
2021-09-14 10:47:04,790 Add cap to reactor@ A4
2021-09-14 10:47:04,806  
2021-09-14 10:47:04,821 Reaction No. 5 of 5, (tracking number: 09/14/2021/10:47/5)
2021-09-14 10:47:04,821 Transfer KF (solid, 1 tablet) from vial@ (C5, A1), to reactor@ A5 ...
2021-09-14 10:47:04,884 Transfer Butylamine (pure_liquid, 0.0109 mL) from vial@ (False, A2), to reactor@ A5 ...
2021-09-14 10:47:04,946 Transfer Tolualdehyde (pure_liquid, 0.0102 mL) from vial@ (C4, A4), to reactor@ A5 ...
2021-09-14 10:47:05,024 Transfer NaBH3CN (solution, 0.5 mL) from vial@ (A2, A1), to reactor@ A5 ...
2021-09-14 10:47:05,087 Add cap to reactor@ A5
2021-09-14 10:47:05,102  
2021-09-14 10:47:05,102 *Finished*

2021-09-14 10:47:05,118 Synthesis plan was parsed successfully! All reagents have been located.
2021-09-14 10:47:05,118 Required plates: plate_5mL:001, plate_10mL:001, plate_50mL:003, plate_10mL:002

2021-09-14 10:47:05,134 Warning: unassigned plates: plate_10mL:002

2021-09-14 10:47:05,134 End of simulation..................................................................

2021-09-14 10:48:22,412 Start work-up...

2021-09-14 10:48:25,068 Run 1 of 1, transfer 2.0 mL reaction mixture from reactor@ A1 to workup plate position@ A1 using tip@ H5
2021-09-14 10:48:25,974 Stopping......

2021-09-14 10:48:34,597 Stopping......

2021-09-14 10:51:06,880 Start work-up...

2021-09-14 10:51:09,551 Run 1 of 1, transfer 2.0 mL reaction mixture from reactor@ A1 to workup plate position@ A1 using tip@ A6
2021-09-14 10:52:59,546 Finished***********

2021-09-14 10:53:26,543 Simulation mode （模拟运行模式）..........................................................
2021-09-14 10:53:26,543 Reaction No. 1 of 5, (tracking number: 09/14/2021/10:53/1)
2021-09-14 10:53:26,559 Transfer AcOH (pure_liquid, 0.0057 mL) from vial@ (C4, C1), to reactor@ A1 ...
2021-09-14 10:53:26,621 Transfer Phenethylamine (pure_liquid, 0.0109 mL) from vial@ (False, A3), to reactor@ A1 ...
2021-09-14 10:53:26,684 Transfer Cyclobutanone (pure_liquid, 0.0102 mL) from vial@ (C4, A2), to reactor@ A1 ...
2021-09-14 10:53:26,747 Transfer NaBH3CN (solution, 0.5 mL) from vial@ (A2, A1), to reactor@ A1 ...
2021-09-14 10:53:26,809 Add cap to reactor@ A1
2021-09-14 10:53:26,824  
2021-09-14 10:53:26,824 Reaction No. 2 of 5, (tracking number: 09/14/2021/10:53/2)
2021-09-14 10:53:26,840 Transfer AcOH (pure_liquid, 0.0057 mL) from vial@ (C4, C1), to reactor@ A2 ...
2021-09-14 10:53:26,918 Transfer Isopropylaniline (pure_liquid, 0.0109 mL) from vial@ (False, B1), to reactor@ A2 ...
2021-09-14 10:53:26,996 Transfer Benzaldehyde (pure_liquid, 0.0102 mL) from vial@ (C4, A3), to reactor@ A2 ...
2021-09-14 10:53:27,059 Transfer NaBH3CN (solution, 0.5 mL) from vial@ (A2, A1), to reactor@ A2 ...
2021-09-14 10:53:27,121 Add cap to reactor@ A2
2021-09-14 10:53:27,121  
2021-09-14 10:53:27,121 Reaction No. 3 of 5, (tracking number: 09/14/2021/10:53/3)
2021-09-14 10:53:27,121 Transfer AcOH (pure_liquid, 0.0057 mL) from vial@ (C4, C1), to reactor@ A3 ...
2021-09-14 10:53:27,184 Transfer Aniline (pure_liquid, 0.0109 mL) from vial@ (False, B2), to reactor@ A3 ...
2021-09-14 10:53:27,246 Transfer Hexanal (pure_liquid, 0.0102 mL) from vial@ (C4, B1), to reactor@ A3 ...
2021-09-14 10:53:27,309 Transfer NaBH3CN (solution, 0.5 mL) from vial@ (A2, A1), to reactor@ A3 ...
2021-09-14 10:53:27,371 Add cap to reactor@ A3
2021-09-14 10:53:27,387  
2021-09-14 10:53:27,387 Reaction No. 4 of 5, (tracking number: 09/14/2021/10:53/4)
2021-09-14 10:53:27,402 Transfer AcOH (pure_liquid, 0.0057 mL) from vial@ (C4, C1), to reactor@ A4 ...
2021-09-14 10:53:27,465 Transfer Pyran-4-amine (pure_liquid, 0.0109 mL) from vial@ (False, A1), to reactor@ A4 ...
2021-09-14 10:53:27,528 Transfer Benzaldehyde (pure_liquid, 0.0102 mL) from vial@ (C4, A3), to reactor@ A4 ...
2021-09-14 10:53:27,590 Transfer NaBH3CN (solution, 0.5 mL) from vial@ (A2, A1), to reactor@ A4 ...
2021-09-14 10:53:27,653 Add cap to reactor@ A4
2021-09-14 10:53:27,668  
2021-09-14 10:53:27,684 Reaction No. 5 of 5, (tracking number: 09/14/2021/10:53/5)
2021-09-14 10:53:27,684 Transfer KF (solid, 1 tablet) from vial@ (C5, A1), to reactor@ A5 ...
2021-09-14 10:53:27,746 Transfer Butylamine (pure_liquid, 0.0109 mL) from vial@ (False, A2), to reactor@ A5 ...
2021-09-14 10:53:27,809 Transfer Tolualdehyde (pure_liquid, 0.0102 mL) from vial@ (C4, A4), to reactor@ A5 ...
2021-09-14 10:53:27,872 Transfer NaBH3CN (solution, 0.5 mL) from vial@ (A2, A1), to reactor@ A5 ...
2021-09-14 10:53:27,934 Add cap to reactor@ A5
2021-09-14 10:53:27,950  
2021-09-14 10:53:27,950 *Finished*

2021-09-14 10:53:27,950 Synthesis plan was parsed successfully! All reagents have been located.
2021-09-14 10:53:27,965 Required plates: plate_5mL:001, plate_10mL:001, plate_50mL:003, plate_10mL:002

2021-09-14 10:53:27,965 Warning: unassigned plates: plate_10mL:002

2021-09-14 10:53:27,965 End of simulation..................................................................

2021-09-14 10:55:02,979 Simulation mode （模拟运行模式）..........................................................
2021-09-14 10:55:02,979 Reaction No. 1 of 3, (tracking number: 09/14/2021/10:55/1)
2021-09-14 10:55:02,979 Transfer AcOH (pure_liquid, 0.0057 mL) from vial@ (C4, C1), to reactor@ A1 ...
2021-09-14 10:55:03,042 Transfer MeOH (pure_liquid, 1.0 mL) from vial@ (C2, B2), to reactor@ A1 ...
2021-09-14 10:55:03,104 Transfer Phenethylamine (pure_liquid, 0.0109 mL) from vial@ (False, A3), to reactor@ A1 ...
2021-09-14 10:55:03,167 Transfer Cyclobutanone (pure_liquid, 0.0102 mL) from vial@ (C4, A2), to reactor@ A1 ...
2021-09-14 10:55:03,229 Transfer NaBH3CN (solution, 0.5 mL) from vial@ (A2, A1), to reactor@ A1 ...
2021-09-14 10:55:03,292 Add cap to reactor@ A1
2021-09-14 10:55:03,307  
2021-09-14 10:55:03,323 Reaction No. 2 of 3, (tracking number: 09/14/2021/10:55/2)
2021-09-14 10:55:03,323 Transfer AcOH (pure_liquid, 0.0057 mL) from vial@ (C4, C1), to reactor@ A2 ...
2021-09-14 10:55:03,386 Transfer MeOH (pure_liquid, 1.0 mL) from vial@ (C2, B2), to reactor@ A2 ...
2021-09-14 10:55:03,448 Transfer Isopropylaniline (pure_liquid, 0.0109 mL) from vial@ (False, B1), to reactor@ A2 ...
2021-09-14 10:55:03,511 Transfer p-anisaldehyde (pure_liquid, 0.0102 mL) from vial@ (C4, B3), to reactor@ A2 ...
2021-09-14 10:55:03,573 Transfer NaBH3CN (solution, 0.5 mL) from vial@ (A2, A1), to reactor@ A2 ...
2021-09-14 10:55:03,636 Add cap to reactor@ A2
2021-09-14 10:55:03,651  
2021-09-14 10:55:03,651 Reaction No. 3 of 3, (tracking number: 09/14/2021/10:55/3)
2021-09-14 10:55:03,651 Transfer AcOH (pure_liquid, 0.0057 mL) from vial@ (C4, C1), to reactor@ A3 ...
2021-09-14 10:55:03,714 Transfer MeOH (pure_liquid, 1.0 mL) from vial@ (C2, B2), to reactor@ A3 ...
2021-09-14 10:55:03,776 Transfer Aniline (pure_liquid, 0.0109 mL) from vial@ (False, B2), to reactor@ A3 ...
2021-09-14 10:55:03,839 Transfer Hexanal (pure_liquid, 0.0102 mL) from vial@ (C4, B1), to reactor@ A3 ...
2021-09-14 10:55:03,901 Transfer NaBH3CN (solution, 0.5 mL) from vial@ (A2, A1), to reactor@ A3 ...
2021-09-14 10:55:03,964 Add cap to reactor@ A3
2021-09-14 10:55:03,964  
2021-09-14 10:55:03,979 *Finished*

2021-09-14 10:55:03,979 Synthesis plan was parsed successfully! All reagents have been located.
2021-09-14 10:55:03,979 Required plates: plate_10mL:001, plate_50mL:001, plate_50mL:003, plate_10mL:002

2021-09-14 10:55:03,979 Warning: unassigned plates: plate_10mL:002

2021-09-14 10:55:03,979 End of simulation..................................................................

2021-09-14 10:57:24,541 Paused ......

2021-09-14 10:57:29,211 Paused ......

2021-09-14 10:57:35,096 Simulation mode （模拟运行模式）..........................................................
2021-09-14 10:57:35,096 Reaction No. 1 of 3, (tracking number: 09/14/2021/10:57/1)
2021-09-14 10:57:35,096 Transfer AcOH (pure_liquid, 0.0057 mL) from vial@ (C4, C1), to reactor@ A1 ...
2021-09-14 10:57:35,158 Transfer MeOH (pure_liquid, 1.0 mL) from vial@ (C2, B2), to reactor@ A1 ...
2021-09-14 10:57:35,221 Transfer Phenethylamine (pure_liquid, 0.0109 mL) from vial@ (False, A3), to reactor@ A1 ...
2021-09-14 10:57:35,283 Transfer Cyclobutanone (pure_liquid, 0.0102 mL) from vial@ (C4, A2), to reactor@ A1 ...
2021-09-14 10:57:35,346 Transfer NaBH3CN (solution, 0.5 mL) from vial@ (A2, A1), to reactor@ A1 ...
2021-09-14 10:57:35,408 Add cap to reactor@ A1
2021-09-14 10:57:35,408  
2021-09-14 10:57:35,424 Reaction No. 2 of 3, (tracking number: 09/14/2021/10:57/2)
2021-09-14 10:57:35,424 Transfer AcOH (pure_liquid, 0.0057 mL) from vial@ (C4, C1), to reactor@ A2 ...
2021-09-14 10:57:35,486 Transfer MeOH (pure_liquid, 1.0 mL) from vial@ (C2, B2), to reactor@ A2 ...
2021-09-14 10:57:35,564 Transfer Isopropylaniline (pure_liquid, 0.0109 mL) from vial@ (False, B1), to reactor@ A2 ...
2021-09-14 10:57:35,627 Transfer p-anisaldehyde (pure_liquid, 0.0102 mL) from vial@ (C4, B3), to reactor@ A2 ...
2021-09-14 10:57:35,689 Transfer NaBH3CN (solution, 0.5 mL) from vial@ (A2, A1), to reactor@ A2 ...
2021-09-14 10:57:35,752 Add cap to reactor@ A2
2021-09-14 10:57:35,768  
2021-09-14 10:57:35,783 Reaction No. 3 of 3, (tracking number: 09/14/2021/10:57/3)
2021-09-14 10:57:35,783 Transfer AcOH (pure_liquid, 0.0057 mL) from vial@ (C4, C1), to reactor@ A3 ...
2021-09-14 10:57:35,846 Transfer MeOH (pure_liquid, 1.0 mL) from vial@ (C2, B2), to reactor@ A3 ...
2021-09-14 10:57:35,908 Transfer Aniline (pure_liquid, 0.0109 mL) from vial@ (False, B2), to reactor@ A3 ...
2021-09-14 10:57:35,971 Transfer Hexanal (pure_liquid, 0.0102 mL) from vial@ (C4, B1), to reactor@ A3 ...
2021-09-14 10:57:36,033 Transfer NaBH3CN (solution, 0.5 mL) from vial@ (A2, A1), to reactor@ A3 ...
2021-09-14 10:57:36,096 Add cap to reactor@ A3
2021-09-14 10:57:36,111  
2021-09-14 10:57:36,111 *Finished*

2021-09-14 10:57:36,111 Synthesis plan was parsed successfully! All reagents have been located.
2021-09-14 10:57:36,127 Required plates: plate_10mL:001, plate_50mL:001, plate_50mL:003, plate_10mL:002

2021-09-14 10:57:36,127 Warning: unassigned plates: plate_10mL:002

2021-09-14 10:57:36,127 End of simulation..................................................................

2021-09-14 11:01:59,992 Simulation mode （模拟运行模式）..........................................................
2021-09-14 11:01:59,992 Reaction No. 1 of 3, (tracking number: 09/14/2021/11:01/1)
2021-09-14 11:01:59,992 Transfer AcOH (pure_liquid, 0.0057 mL) from vial@ (C4, C1), to reactor@ A1 ...
2021-09-14 11:02:00,054 Transfer MeOH (pure_liquid, 1.0 mL) from vial@ (C2, B2), to reactor@ A1 ...
2021-09-14 11:02:00,117 Transfer Phenethylamine (pure_liquid, 0.0109 mL) from vial@ (False, A3), to reactor@ A1 ...
2021-09-14 11:02:00,179 Transfer Cyclobutanone (pure_liquid, 0.0102 mL) from vial@ (C4, A2), to reactor@ A1 ...
2021-09-14 11:02:00,242 Transfer NaBH3CN (solution, 0.5 mL) from vial@ (A2, A1), to reactor@ A1 ...
2021-09-14 11:02:00,304 Add cap to reactor@ A1
2021-09-14 11:02:00,320  
2021-09-14 11:02:00,320 Reaction No. 2 of 3, (tracking number: 09/14/2021/11:01/2)
2021-09-14 11:02:00,335 Transfer AcOH (pure_liquid, 0.0057 mL) from vial@ (C4, C1), to reactor@ A2 ...
2021-09-14 11:02:00,398 Transfer MeOH (pure_liquid, 1.0 mL) from vial@ (C2, B2), to reactor@ A2 ...
2021-09-14 11:02:00,460 Transfer Isopropylaniline (pure_liquid, 0.0109 mL) from vial@ (False, B1), to reactor@ A2 ...
2021-09-14 11:02:00,538 Transfer p-anisaldehyde (pure_liquid, 0.0102 mL) from vial@ (C4, B3), to reactor@ A2 ...
2021-09-14 11:02:00,601 Transfer NaBH3CN (solution, 0.5 mL) from vial@ (A2, A1), to reactor@ A2 ...
2021-09-14 11:02:00,664 Add cap to reactor@ A2
2021-09-14 11:02:00,679  
2021-09-14 11:02:00,695 Reaction No. 3 of 3, (tracking number: 09/14/2021/11:01/3)
2021-09-14 11:02:00,710 Transfer AcOH (pure_liquid, 0.0057 mL) from vial@ (C4, C1), to reactor@ A3 ...
2021-09-14 11:02:00,773 Transfer MeOH (pure_liquid, 1.0 mL) from vial@ (C2, B2), to reactor@ A3 ...
2021-09-14 11:02:00,835 Transfer Aniline (pure_liquid, 0.0109 mL) from vial@ (False, B2), to reactor@ A3 ...
2021-09-14 11:02:00,898 Transfer Hexanal (pure_liquid, 0.0102 mL) from vial@ (C4, B1), to reactor@ A3 ...
2021-09-14 11:02:00,960 Transfer NaBH3CN (solution, 0.5 mL) from vial@ (A2, A1), to reactor@ A3 ...
2021-09-14 11:02:01,023 Add cap to reactor@ A3
2021-09-14 11:02:01,038  
2021-09-14 11:02:01,054 *Finished*

2021-09-14 11:02:01,054 Synthesis plan was parsed successfully! All reagents have been located.
2021-09-14 11:02:01,069 Required plates: plate_10mL:001, plate_50mL:001, plate_50mL:003, plate_10mL:002

2021-09-14 11:02:01,069 Warning: unassigned plates: plate_10mL:002

2021-09-14 11:02:01,069 End of simulation..................................................................

2021-09-14 11:04:56,569 Simulation mode （模拟运行模式）..........................................................
2021-09-14 11:04:56,569 Reaction No. 1 of 2, (tracking number: 09/14/2021/11:04/1)
2021-09-14 11:04:56,569 Transfer AcOH (pure_liquid, 0.0057 mL) from vial@ (C4, C1), to reactor@ A1 ...
2021-09-14 11:04:56,632 Transfer MeOH (pure_liquid, 0.5 mL) from vial@ (C2, B2), to reactor@ A1 ...
2021-09-14 11:04:56,694 Transfer Phenethylamine (pure_liquid, 0.0109 mL) from vial@ (False, A3), to reactor@ A1 ...
2021-09-14 11:04:56,757 Transfer Cyclobutanone (pure_liquid, 0.0102 mL) from vial@ (C4, A2), to reactor@ A1 ...
2021-09-14 11:04:56,819 Transfer NaBH3CN (solution, 0.5 mL) from vial@ (A2, A1), to reactor@ A1 ...
2021-09-14 11:04:56,897 Add cap to reactor@ A1
2021-09-14 11:04:56,897  
2021-09-14 11:04:56,897 Reaction No. 2 of 2, (tracking number: 09/14/2021/11:04/2)
2021-09-14 11:04:56,897 Transfer AcOH (pure_liquid, 0.0067 mL) from vial@ (C4, C1), to reactor@ A2 ...
2021-09-14 11:04:56,960 Transfer MeOH (pure_liquid, 0.6 mL) from vial@ (C2, B2), to reactor@ A2 ...
2021-09-14 11:04:57,038 Transfer Isopropylaniline (pure_liquid, 0.0109 mL) from vial@ (False, B1), to reactor@ A2 ...
2021-09-14 11:04:57,100 Transfer Benzaldehyde (pure_liquid, 0.0102 mL) from vial@ (C4, A3), to reactor@ A2 ...
2021-09-14 11:04:57,163 Transfer NaBH3CN (solution, 0.5 mL) from vial@ (A2, A1), to reactor@ A2 ...
2021-09-14 11:04:57,225 Add cap to reactor@ A2
2021-09-14 11:04:57,241  
2021-09-14 11:04:57,241 *Finished*

2021-09-14 11:04:57,241 Synthesis plan was parsed successfully! All reagents have been located.
2021-09-14 11:04:57,257 Required plates: plate_10mL:001, plate_50mL:001, plate_50mL:003, plate_10mL:002

2021-09-14 11:04:57,257 Warning: unassigned plates: plate_10mL:002

2021-09-14 11:04:57,257 End of simulation..................................................................

2021-09-14 11:06:08,450 Simulation mode （模拟运行模式）..........................................................
2021-09-14 11:06:08,450 Reaction No. 1 of 2, (tracking number: 09/14/2021/11:06/1)
2021-09-14 11:06:08,450 Transfer AcOH (pure_liquid, 0.0057 mL) from vial@ (False, C1), to reactor@ A1 ...
2021-09-14 11:06:08,513 Transfer MeOH (pure_liquid, 0.5 mL) from vial@ (C2, B2), to reactor@ A1 ...
2021-09-14 11:06:08,575 Transfer Phenethylamine (pure_liquid, 0.0109 mL) from vial@ (C4, A3), to reactor@ A1 ...
2021-09-14 11:06:08,638 Transfer Cyclobutanone (pure_liquid, 0.0102 mL) from vial@ (False, A2), to reactor@ A1 ...
2021-09-14 11:06:08,700 Transfer NaBH3CN (solution, 0.5 mL) from vial@ (A2, A1), to reactor@ A1 ...
2021-09-14 11:06:08,763 Add cap to reactor@ A1
2021-09-14 11:06:08,778  
2021-09-14 11:06:08,778 Reaction No. 2 of 2, (tracking number: 09/14/2021/11:06/2)
2021-09-14 11:06:08,778 Transfer AcOH (pure_liquid, 0.0067 mL) from vial@ (False, C1), to reactor@ A2 ...
2021-09-14 11:06:08,841 Transfer MeOH (pure_liquid, 0.6 mL) from vial@ (C2, B2), to reactor@ A2 ...
2021-09-14 11:06:08,903 Transfer Isopropylaniline (pure_liquid, 0.0109 mL) from vial@ (C4, B1), to reactor@ A2 ...
2021-09-14 11:06:08,966 Transfer Benzaldehyde (pure_liquid, 0.0102 mL) from vial@ (False, A3), to reactor@ A2 ...
2021-09-14 11:06:09,028 Transfer NaBH3CN (solution, 0.5 mL) from vial@ (A2, A1), to reactor@ A2 ...
2021-09-14 11:06:09,091 Add cap to reactor@ A2
2021-09-14 11:06:09,106  
2021-09-14 11:06:09,106 *Finished*

2021-09-14 11:06:09,106 Synthesis plan was parsed successfully! All reagents have been located.
2021-09-14 11:06:09,122 Required plates: plate_10mL:001, plate_50mL:001, plate_50mL:003, plate_10mL:002

2021-09-14 11:06:09,122 Warning: unassigned plates: plate_10mL:001

2021-09-14 11:06:09,122 End of simulation..................................................................

2021-09-14 11:06:29,495 Simulation mode （模拟运行模式）..........................................................
2021-09-14 11:06:29,495 Reaction No. 1 of 2, (tracking number: 09/14/2021/11:06/1)
2021-09-14 11:06:29,495 Transfer AcOH (pure_liquid, 0.0057 mL) from vial@ (B4, C1), to reactor@ A1 ...
2021-09-14 11:06:29,557 Transfer MeOH (pure_liquid, 0.5 mL) from vial@ (C2, B2), to reactor@ A1 ...
2021-09-14 11:06:29,620 Transfer Phenethylamine (pure_liquid, 0.0109 mL) from vial@ (C4, A3), to reactor@ A1 ...
2021-09-14 11:06:29,682 Transfer Cyclobutanone (pure_liquid, 0.0102 mL) from vial@ (B4, A2), to reactor@ A1 ...
2021-09-14 11:06:29,745 Transfer NaBH3CN (solution, 0.5 mL) from vial@ (A2, A1), to reactor@ A1 ...
2021-09-14 11:06:29,807 Add cap to reactor@ A1
2021-09-14 11:06:29,823  
2021-09-14 11:06:29,838 Reaction No. 2 of 2, (tracking number: 09/14/2021/11:06/2)
2021-09-14 11:06:29,838 Transfer AcOH (pure_liquid, 0.0067 mL) from vial@ (B4, C1), to reactor@ A2 ...
2021-09-14 11:06:29,901 Transfer MeOH (pure_liquid, 0.6 mL) from vial@ (C2, B2), to reactor@ A2 ...
2021-09-14 11:06:29,963 Transfer Isopropylaniline (pure_liquid, 0.0109 mL) from vial@ (C4, B1), to reactor@ A2 ...
2021-09-14 11:06:30,026 Transfer Benzaldehyde (pure_liquid, 0.0102 mL) from vial@ (B4, A3), to reactor@ A2 ...
2021-09-14 11:06:30,088 Transfer NaBH3CN (solution, 0.5 mL) from vial@ (A2, A1), to reactor@ A2 ...
2021-09-14 11:06:30,151 Add cap to reactor@ A2
2021-09-14 11:06:30,166  
2021-09-14 11:06:30,166 *Finished*

2021-09-14 11:06:30,166 Synthesis plan was parsed successfully! All reagents have been located.
2021-09-14 11:06:30,182 Required plates: plate_10mL:001, plate_50mL:001, plate_50mL:003, plate_10mL:002

2021-09-14 11:06:30,182 End of simulation..................................................................

2021-09-14 11:08:48,395 Simulation mode （模拟运行模式）..........................................................
2021-09-14 11:08:48,395 Reaction No. 1 of 2, (tracking number: 09/14/2021/11:08/1)
2021-09-14 11:08:48,395 Transfer AcOH (pure_liquid, 0.0057 mL) from vial@ (False, C1), to reactor@ A1 ...
2021-09-14 11:08:48,457 Transfer MeOH (pure_liquid, 0.5 mL) from vial@ (C2, B2), to reactor@ A1 ...
2021-09-14 11:08:48,520 Transfer Phenethylamine (pure_liquid, 0.0109 mL) from vial@ (C4, A3), to reactor@ A1 ...
2021-09-14 11:08:48,582 Transfer Cyclobutanone (pure_liquid, 0.0102 mL) from vial@ (False, A2), to reactor@ A1 ...
2021-09-14 11:08:48,645 Transfer NaBH3CN (solution, 0.5 mL) from vial@ (A2, A1), to reactor@ A1 ...
2021-09-14 11:08:48,707 Add cap to reactor@ A1
2021-09-14 11:08:48,707  
2021-09-14 11:08:48,723 Reaction No. 2 of 2, (tracking number: 09/14/2021/11:08/2)
2021-09-14 11:08:48,723 Transfer AcOH (pure_liquid, 0.0067 mL) from vial@ (False, C1), to reactor@ A2 ...
2021-09-14 11:08:48,785 Transfer MeOH (pure_liquid, 0.6 mL) from vial@ (C2, B2), to reactor@ A2 ...
2021-09-14 11:08:48,848 Transfer Isopropylaniline (pure_liquid, 0.0109 mL) from vial@ (C4, B1), to reactor@ A2 ...
2021-09-14 11:08:48,910 Transfer Benzaldehyde (pure_liquid, 0.0102 mL) from vial@ (False, A3), to reactor@ A2 ...
2021-09-14 11:08:48,973 Transfer NaBH3CN (solution, 0.5 mL) from vial@ (A2, A1), to reactor@ A2 ...
2021-09-14 11:08:49,035 Add cap to reactor@ A2
2021-09-14 11:08:49,051  
2021-09-14 11:08:49,051 *Finished*

2021-09-14 11:08:49,066 Synthesis plan was parsed successfully! All reagents have been located.
2021-09-14 11:08:49,066 Required plates: plate_10mL:001, plate_50mL:001, plate_50mL:003, plate_10mL:002

2021-09-14 11:08:49,066 Warning: unassigned plates: plate_10mL:001

2021-09-14 11:08:49,066 End of simulation..................................................................

2021-09-14 11:13:50,473 Simulation mode （模拟运行模式）..........................................................
2021-09-14 11:13:50,473 Reaction No. 1 of 3, (tracking number: 09/14/2021/11:13/1)
2021-09-14 11:13:50,473 Transfer AcOH (pure_liquid, 0.0057 mL) from vial@ (False, C1), to reactor@ A1 ...
2021-09-14 11:13:50,535 Transfer MeOH (pure_liquid, 1.0 mL) from vial@ (C2, B2), to reactor@ A1 ...
2021-09-14 11:13:50,598 Transfer Phenethylamine (pure_liquid, 0.0109 mL) from vial@ (C4, A3), to reactor@ A1 ...
2021-09-14 11:13:50,660 Transfer Cyclobutanone (pure_liquid, 0.0102 mL) from vial@ (False, A2), to reactor@ A1 ...
2021-09-14 11:13:50,723 Transfer NaBH3CN (solution, 0.5 mL) from vial@ (A2, A1), to reactor@ A1 ...
2021-09-14 11:13:50,785 Add cap to reactor@ A1
2021-09-14 11:13:50,785  
2021-09-14 11:13:50,801 Reaction No. 2 of 3, (tracking number: 09/14/2021/11:13/2)
2021-09-14 11:13:50,801 Transfer AcOH (pure_liquid, 0.0057 mL) from vial@ (False, C1), to reactor@ A2 ...
2021-09-14 11:13:50,864 Transfer MeOH (pure_liquid, 1.0 mL) from vial@ (C2, B2), to reactor@ A2 ...
2021-09-14 11:13:50,926 Transfer Isopropylaniline (pure_liquid, 0.0109 mL) from vial@ (C4, B1), to reactor@ A2 ...
2021-09-14 11:13:50,989 Transfer p-anisaldehyde (pure_liquid, 0.0102 mL) from vial@ (False, B3), to reactor@ A2 ...
2021-09-14 11:13:51,051 Transfer NaBH3CN (solution, 0.5 mL) from vial@ (A2, A1), to reactor@ A2 ...
2021-09-14 11:13:51,114 Add cap to reactor@ A2
2021-09-14 11:13:51,114  
2021-09-14 11:13:51,114 Reaction No. 3 of 3, (tracking number: 09/14/2021/11:13/3)
2021-09-14 11:13:51,129 Transfer AcOH (pure_liquid, 0.0057 mL) from vial@ (False, C1), to reactor@ A3 ...
2021-09-14 11:13:51,192 Transfer MeOH (pure_liquid, 1.0 mL) from vial@ (C2, B2), to reactor@ A3 ...
2021-09-14 11:13:51,254 Transfer Aniline (pure_liquid, 0.0109 mL) from vial@ (C4, B2), to reactor@ A3 ...
2021-09-14 11:13:51,317 Transfer Hexanal (pure_liquid, 0.0102 mL) from vial@ (False, B1), to reactor@ A3 ...
2021-09-14 11:13:51,379 Transfer NaBH3CN (solution, 0.5 mL) from vial@ (A2, A1), to reactor@ A3 ...
2021-09-14 11:13:51,442 Add cap to reactor@ A3
2021-09-14 11:13:51,457  
2021-09-14 11:13:51,457 *Finished*

2021-09-14 11:13:51,457 Synthesis plan was parsed successfully! All reagents have been located.
2021-09-14 11:13:51,473 Required plates: plate_10mL:001, plate_50mL:001, plate_50mL:003, plate_10mL:002

2021-09-14 11:13:51,473 Warning: unassigned plates: plate_10mL:001

2021-09-14 11:13:51,473 End of simulation..................................................................

2021-09-14 11:14:37,404 Simulation mode （模拟运行模式）..........................................................
2021-09-14 11:14:37,404 Reaction No. 1 of 3, (tracking number: 09/14/2021/11:14/1)
2021-09-14 11:14:37,404 Transfer AcOH (pure_liquid, 0.0057 mL) from vial@ (C4, C1), to reactor@ A1 ...
2021-09-14 11:14:37,467 Transfer MeOH (pure_liquid, 1.0 mL) from vial@ (C2, B2), to reactor@ A1 ...
2021-09-14 11:14:37,529 Transfer Phenethylamine (pure_liquid, 0.0109 mL) from vial@ (False, A3), to reactor@ A1 ...
2021-09-14 11:14:37,592 Transfer Cyclobutanone (pure_liquid, 0.0102 mL) from vial@ (C4, A2), to reactor@ A1 ...
2021-09-14 11:14:37,655 Transfer NaBH3CN (solution, 0.5 mL) from vial@ (A2, A1), to reactor@ A1 ...
2021-09-14 11:14:37,717 Add cap to reactor@ A1
2021-09-14 11:14:37,732  
2021-09-14 11:14:37,748 Reaction No. 2 of 3, (tracking number: 09/14/2021/11:14/2)
2021-09-14 11:14:37,748 Transfer AcOH (pure_liquid, 0.0057 mL) from vial@ (C4, C1), to reactor@ A2 ...
2021-09-14 11:14:37,811 Transfer MeOH (pure_liquid, 1.0 mL) from vial@ (C2, B2), to reactor@ A2 ...
2021-09-14 11:14:37,873 Transfer Isopropylaniline (pure_liquid, 0.0109 mL) from vial@ (False, B1), to reactor@ A2 ...
2021-09-14 11:14:37,936 Transfer p-anisaldehyde (pure_liquid, 0.0102 mL) from vial@ (C4, B3), to reactor@ A2 ...
2021-09-14 11:14:37,998 Transfer NaBH3CN (solution, 0.5 mL) from vial@ (A2, A1), to reactor@ A2 ...
2021-09-14 11:14:38,061 Add cap to reactor@ A2
2021-09-14 11:14:38,076  
2021-09-14 11:14:38,076 Reaction No. 3 of 3, (tracking number: 09/14/2021/11:14/3)
2021-09-14 11:14:38,076 Transfer AcOH (pure_liquid, 0.0057 mL) from vial@ (C4, C1), to reactor@ A3 ...
2021-09-14 11:14:38,139 Transfer MeOH (pure_liquid, 1.0 mL) from vial@ (C2, B2), to reactor@ A3 ...
2021-09-14 11:14:38,202 Transfer Aniline (pure_liquid, 0.0109 mL) from vial@ (False, B2), to reactor@ A3 ...
2021-09-14 11:14:38,264 Transfer Hexanal (pure_liquid, 0.0102 mL) from vial@ (C4, B1), to reactor@ A3 ...
2021-09-14 11:14:38,326 Transfer NaBH3CN (solution, 0.5 mL) from vial@ (A2, A1), to reactor@ A3 ...
2021-09-14 11:14:38,389 Add cap to reactor@ A3
2021-09-14 11:14:38,404  
2021-09-14 11:14:38,404 *Finished*

2021-09-14 11:14:38,404 Synthesis plan was parsed successfully! All reagents have been located.
2021-09-14 11:14:38,404 Required plates: plate_10mL:001, plate_50mL:001, plate_50mL:003, plate_10mL:002

2021-09-14 11:14:38,420 Warning: unassigned plates: plate_10mL:002

2021-09-14 11:14:38,420 End of simulation..................................................................

2021-09-14 11:15:00,589 Simulation mode （模拟运行模式）..........................................................
2021-09-14 11:15:00,589 Reaction No. 1 of 3, (tracking number: 09/14/2021/11:15/1)
2021-09-14 11:15:00,589 Transfer AcOH (pure_liquid, 0.0057 mL) from vial@ (C4, C1), to reactor@ A1 ...
2021-09-14 11:15:00,652 Transfer MeOH (pure_liquid, 1.0 mL) from vial@ (C2, B2), to reactor@ A1 ...
2021-09-14 11:15:00,714 Transfer Phenethylamine (pure_liquid, 0.0109 mL) from vial@ (B4, A3), to reactor@ A1 ...
2021-09-14 11:15:00,777 Transfer Cyclobutanone (pure_liquid, 0.0102 mL) from vial@ (C4, A2), to reactor@ A1 ...
2021-09-14 11:15:00,839 Transfer NaBH3CN (solution, 0.5 mL) from vial@ (A2, A1), to reactor@ A1 ...
2021-09-14 11:15:00,902 Add cap to reactor@ A1
2021-09-14 11:15:00,917  
2021-09-14 11:15:00,917 Reaction No. 2 of 3, (tracking number: 09/14/2021/11:15/2)
2021-09-14 11:15:00,917 Transfer AcOH (pure_liquid, 0.0057 mL) from vial@ (C4, C1), to reactor@ A2 ...
2021-09-14 11:15:00,980 Transfer MeOH (pure_liquid, 1.0 mL) from vial@ (C2, B2), to reactor@ A2 ...
2021-09-14 11:15:01,042 Transfer Isopropylaniline (pure_liquid, 0.0109 mL) from vial@ (B4, B1), to reactor@ A2 ...
2021-09-14 11:15:01,105 Transfer p-anisaldehyde (pure_liquid, 0.0102 mL) from vial@ (C4, B3), to reactor@ A2 ...
2021-09-14 11:15:01,167 Transfer NaBH3CN (solution, 0.5 mL) from vial@ (A2, A1), to reactor@ A2 ...
2021-09-14 11:15:01,230 Add cap to reactor@ A2
2021-09-14 11:15:01,245  
2021-09-14 11:15:01,245 Reaction No. 3 of 3, (tracking number: 09/14/2021/11:15/3)
2021-09-14 11:15:01,261 Transfer AcOH (pure_liquid, 0.0057 mL) from vial@ (C4, C1), to reactor@ A3 ...
2021-09-14 11:15:01,324 Transfer MeOH (pure_liquid, 1.0 mL) from vial@ (C2, B2), to reactor@ A3 ...
2021-09-14 11:15:01,386 Transfer Aniline (pure_liquid, 0.0109 mL) from vial@ (B4, B2), to reactor@ A3 ...
2021-09-14 11:15:01,449 Transfer Hexanal (pure_liquid, 0.0102 mL) from vial@ (C4, B1), to reactor@ A3 ...
2021-09-14 11:15:01,511 Transfer NaBH3CN (solution, 0.5 mL) from vial@ (A2, A1), to reactor@ A3 ...
2021-09-14 11:15:01,574 Add cap to reactor@ A3
2021-09-14 11:15:01,589  
2021-09-14 11:15:01,605 *Finished*

2021-09-14 11:15:01,605 Synthesis plan was parsed successfully! All reagents have been located.
2021-09-14 11:15:01,605 Required plates: plate_10mL:001, plate_50mL:001, plate_50mL:003, plate_10mL:002

2021-09-14 11:15:01,605 End of simulation..................................................................

2021-09-14 11:15:28,229 Simulation mode （模拟运行模式）..........................................................
2021-09-14 11:15:28,229 Reaction No. 1 of 3, (tracking number: 09/14/2021/11:15/1)
2021-09-14 11:15:28,244 Transfer AcOH (pure_liquid, 0.0057 mL) from vial@ (C4, C1), to reactor@ A1 ...
2021-09-14 11:15:28,307 Transfer MeOH (pure_liquid, 1.0 mL) from vial@ (C2, B2), to reactor@ A1 ...
2021-09-14 11:15:28,369 Transfer Phenethylamine (pure_liquid, 0.0109 mL) from vial@ (B4, A3), to reactor@ A1 ...
2021-09-14 11:15:28,432 Transfer Cyclobutanone (pure_liquid, 0.0102 mL) from vial@ (C4, A2), to reactor@ A1 ...
2021-09-14 11:15:28,494 Transfer NaBH3CN (solution, 0.5 mL) from vial@ (A2, A1), to reactor@ A1 ...
2021-09-14 11:15:28,557 Add cap to reactor@ A1
2021-09-14 11:15:28,557  
2021-09-14 11:15:28,557 Reaction No. 2 of 3, (tracking number: 09/14/2021/11:15/2)
2021-09-14 11:15:28,557 Transfer AcOH (pure_liquid, 0.0057 mL) from vial@ (C4, C1), to reactor@ A2 ...
2021-09-14 11:15:28,620 Transfer MeOH (pure_liquid, 1.0 mL) from vial@ (C2, B2), to reactor@ A2 ...
2021-09-14 11:15:28,682 Transfer Isopropylaniline (pure_liquid, 0.0109 mL) from vial@ (B4, B1), to reactor@ A2 ...
2021-09-14 11:15:28,745 Transfer p-anisaldehyde (pure_liquid, 0.0102 mL) from vial@ (C4, B3), to reactor@ A2 ...
2021-09-14 11:15:28,807 Transfer NaBH3CN (solution, 0.5 mL) from vial@ (A2, A1), to reactor@ A2 ...
2021-09-14 11:15:28,869 Add cap to reactor@ A2
2021-09-14 11:15:28,869  
2021-09-14 11:15:28,885 Reaction No. 3 of 3, (tracking number: 09/14/2021/11:15/3)
2021-09-14 11:15:28,885 Transfer AcOH (pure_liquid, 0.0057 mL) from vial@ (C4, C1), to reactor@ A3 ...
2021-09-14 11:15:28,947 Transfer MeOH (pure_liquid, 1.0 mL) from vial@ (C2, B2), to reactor@ A3 ...
2021-09-14 11:15:29,010 Transfer Aniline (pure_liquid, 0.0109 mL) from vial@ (B4, B2), to reactor@ A3 ...
2021-09-14 11:15:29,073 Transfer Hexanal (pure_liquid, 0.0102 mL) from vial@ (C4, B1), to reactor@ A3 ...
2021-09-14 11:15:29,135 Transfer NaBH3CN (solution, 0.5 mL) from vial@ (A2, A1), to reactor@ A3 ...
2021-09-14 11:15:29,198 Add cap to reactor@ A3
2021-09-14 11:15:29,213  
2021-09-14 11:15:29,213 *Finished*

2021-09-14 11:15:29,229 Synthesis plan was parsed successfully! All reagents have been located.
2021-09-14 11:15:29,229 Required plates: plate_10mL:001, plate_50mL:001, plate_50mL:003, plate_10mL:002

2021-09-14 11:15:29,229 End of simulation..................................................................

2021-09-14 11:17:43,651 Start running...........................................................................
2021-09-14 11:17:43,651 Reaction No. 1 of 3, (tracking number: 09/14/2021/11:15/1)
2021-09-14 11:17:43,651 Transfer AcOH (pure_liquid, 0.0057 mL) from vial@ (C4, C1), to reactor@ A1 ...
2021-09-14 11:18:45,247 Transfer MeOH (pure_liquid, 1.0 mL) from vial@ (C2, B2), to reactor@ A1 ...
2021-09-14 11:19:53,593 Paused ......

2021-09-14 11:24:36,983 Transfer Phenethylamine (pure_liquid, 0.0109 mL) from vial@ (B4, A3), to reactor@ A1 ...
2021-09-14 11:25:31,441 Transfer Cyclobutanone (pure_liquid, 0.0102 mL) from vial@ (C4, A2), to reactor@ A1 ...
2021-09-14 11:26:32,663 Transfer NaBH3CN (solution, 0.5 mL) from vial@ (A2, A1), to reactor@ A1 ...
2021-09-14 11:27:48,569 Add cap to reactor@ A1
2021-09-14 11:28:04,721  
2021-09-14 11:28:04,737 Reaction No. 2 of 3, (tracking number: 09/14/2021/11:15/2)
2021-09-14 11:28:04,737 Transfer AcOH (pure_liquid, 0.0057 mL) from vial@ (C4, C1), to reactor@ A2 ...
2021-09-14 11:29:05,474 Transfer MeOH (pure_liquid, 1.0 mL) from vial@ (C2, B2), to reactor@ A2 ...
2021-09-14 11:30:24,224 Transfer Isopropylaniline (pure_liquid, 0.0109 mL) from vial@ (B4, B1), to reactor@ A2 ...
2021-09-14 11:31:17,759 Transfer p-anisaldehyde (pure_liquid, 0.0102 mL) from vial@ (C4, B3), to reactor@ A2 ...
2021-09-14 11:32:12,748 Transfer NaBH3CN (solution, 0.5 mL) from vial@ (A2, A1), to reactor@ A2 ...
2021-09-14 11:33:28,967 Add cap to reactor@ A2
2021-09-14 11:33:45,307  
2021-09-14 11:33:45,323 Reaction No. 3 of 3, (tracking number: 09/14/2021/11:15/3)
2021-09-14 11:33:45,323 Transfer AcOH (pure_liquid, 0.0057 mL) from vial@ (C4, C1), to reactor@ A3 ...
2021-09-14 11:34:45,983 Transfer MeOH (pure_liquid, 1.0 mL) from vial@ (C2, B2), to reactor@ A3 ...
2021-09-14 11:36:04,169 Transfer Aniline (pure_liquid, 0.0109 mL) from vial@ (B4, B2), to reactor@ A3 ...
2021-09-14 11:36:58,018 Transfer Hexanal (pure_liquid, 0.0102 mL) from vial@ (C4, B1), to reactor@ A3 ...
2021-09-14 11:37:59,176 Transfer NaBH3CN (solution, 0.5 mL) from vial@ (A2, A1), to reactor@ A3 ...
2021-09-14 11:39:15,379 Add cap to reactor@ A3
2021-09-14 11:39:31,689  
2021-09-14 11:39:31,704 *Finished*

2021-09-14 11:42:25,996 Paused ......

2021-09-14 14:09:26,984 Com ports: xy_port= COM5, z_port= COM16, gripper_port= COM6, pipette_port= COM9
2021-09-14 14:14:46,599 Start sampling...

2021-09-14 14:14:46,599 Run 1 of 1, sampling 0.005 mL from reactor A2 to GC/LC vial at A1
2021-09-14 14:16:00,948 Sampling competed, starting to add dilution solvent...
2021-09-14 14:16:00,948 Run 1 of 1, adding dilution solvent MeOH 0.8 mL to GC/LC vial at A1
2021-09-14 14:16:42,747 *Finished*

2021-09-14 14:33:13,085 Start sampling...

2021-09-14 14:33:13,272 Run 1 of 1, sampling 0.005 mL from reactor A3 to GC/LC vial at A2
2021-09-14 14:33:25,731 Stopping......

2021-09-14 14:34:34,525 Sampling competed, starting to add dilution solvent...
2021-09-14 14:34:34,525 Run 1 of 1, adding dilution solvent MeOH 0.8 mL to GC/LC vial at A2
2021-09-14 14:35:16,192 *Finished*

2021-09-14 15:20:12,682 Com ports: xy_port= COM5, z_port= COM16, gripper_port= COM6, pipette_port= COM9
2021-09-14 15:23:54,964 Start work-up...

2021-09-14 15:23:57,609 Run 1 of 1, transfer 1.2 mL reaction mixture from reactor@ A2 to workup plate position@ A1 using tip@ B7
2021-09-14 15:25:48,651 Finished***********

2021-09-14 15:27:24,482 Start work-up...

2021-09-14 15:27:27,154 Run 1 of 3, transfer 2.0 mL reaction mixture from reactor@ A1 to workup plate position@ A1 using tip@ C7
2021-09-14 15:29:33,619 Run 2 of 3, transfer 2.0 mL reaction mixture from reactor@ A2 to workup plate position@ A2 using tip@ D7
2021-09-14 15:31:39,881 Run 3 of 3, transfer 2.0 mL reaction mixture from reactor@ A3 to workup plate position@ A3 using tip@ E7
2021-09-14 15:33:46,357 Finished***********

