2021-10-28 17:14:46,552 Com ports: xy_port= COM12, z_port= COM18, gripper_port= COM7, pipette_port= COM11
2021-10-28 17:14:49,073 could not open port 'COM7': FileNotFoundError(2, '系统找不到指定的文件。', None, 2)
2021-10-28 17:14:50,401 could not open port 'COM7': FileNotFoundError(2, '系统找不到指定的文件。', None, 2)
2021-10-28 17:14:51,410 could not open port 'COM7': FileNotFoundError(2, '系统找不到指定的文件。', None, 2)
2021-10-28 17:14:52,417 could not open port 'COM7': FileNotFoundError(2, '系统找不到指定的文件。', None, 2)
2021-10-28 17:14:53,436 could not open port 'COM7': FileNotFoundError(2, '系统找不到指定的文件。', None, 2)
2021-10-28 17:14:54,439 could not open port 'COM7': FileNotFoundError(2, '系统找不到指定的文件。', None, 2)
2021-10-28 17:14:55,454 Modbus connection failed
2021-10-28 17:15:01,198 Com ports: xy_port= COM12, z_port= COM18, gripper_port= COM7, pipette_port= COM11
2021-10-28 17:15:07,509 Com ports: xy_port= COM12, z_port= COM18, gripper_port= COM7, pipette_port= COM11
2021-10-28 17:15:30,680 Com ports: xy_port= COM12, z_port= COM18, gripper_port= COM7, pipette_port= COM11
2021-10-28 17:15:32,758 could not open port 'COM7': PermissionError(13, '拒绝访问。', None, 5)
2021-10-28 17:15:33,773 could not open port 'COM7': PermissionError(13, '拒绝访问。', None, 5)
2021-10-28 17:15:34,789 could not open port 'COM7': PermissionError(13, '拒绝访问。', None, 5)
2021-10-28 17:15:35,804 could not open port 'COM7': PermissionError(13, '拒绝访问。', None, 5)
2021-10-28 17:15:36,819 could not open port 'COM7': PermissionError(13, '拒绝访问。', None, 5)
2021-10-28 17:15:37,835 could not open port 'COM7': PermissionError(13, '拒绝访问。', None, 5)
2021-10-28 17:15:38,850 Modbus connection failed
2021-10-28 17:16:09,970 Com ports: xy_port= COM12, z_port= COM18, gripper_port= COM7, pipette_port= COM11
2021-10-28 17:16:12,048 could not open port 'COM7': PermissionError(13, '拒绝访问。', None, 5)
2021-10-28 17:16:12,126 Com ports: xy_port= COM12, z_port= COM18, gripper_port= COM7, pipette_port= COM11
2021-10-28 17:16:13,063 could not open port 'COM7': PermissionError(13, '拒绝访问。', None, 5)
2021-10-28 17:16:13,469 Com ports: xy_port= COM12, z_port= COM18, gripper_port= COM7, pipette_port= COM11
2021-10-28 17:16:14,078 could not open port 'COM7': PermissionError(13, '拒绝访问。', None, 5)
2021-10-28 17:16:14,203 could not open port 'COM7': PermissionError(13, '拒绝访问。', None, 5)
2021-10-28 17:16:15,094 could not open port 'COM7': PermissionError(13, '拒绝访问。', None, 5)
2021-10-28 17:16:15,219 could not open port 'COM7': PermissionError(13, '拒绝访问。', None, 5)
2021-10-28 17:16:15,547 could not open port 'COM7': PermissionError(13, '拒绝访问。', None, 5)
2021-10-28 17:16:16,109 could not open port 'COM7': PermissionError(13, '拒绝访问。', None, 5)
2021-10-28 17:16:16,234 could not open port 'COM7': PermissionError(13, '拒绝访问。', None, 5)
2021-10-28 17:16:16,562 could not open port 'COM7': PermissionError(13, '拒绝访问。', None, 5)
2021-10-28 17:16:17,124 could not open port 'COM7': PermissionError(13, '拒绝访问。', None, 5)
2021-10-28 17:16:17,249 could not open port 'COM7': PermissionError(13, '拒绝访问。', None, 5)
2021-10-28 17:16:17,578 could not open port 'COM7': PermissionError(13, '拒绝访问。', None, 5)
2021-10-28 17:16:18,140 Modbus connection failed
2021-10-28 17:16:18,265 could not open port 'COM7': PermissionError(13, '拒绝访问。', None, 5)
2021-10-28 17:16:18,593 could not open port 'COM7': PermissionError(13, '拒绝访问。', None, 5)
2021-10-28 17:16:19,280 could not open port 'COM7': PermissionError(13, '拒绝访问。', None, 5)
2021-10-28 17:16:19,608 could not open port 'COM7': PermissionError(13, '拒绝访问。', None, 5)
2021-10-28 17:16:20,046 Com ports: xy_port= COM12, z_port= COM18, gripper_port= COM7, pipette_port= COM11
2021-10-28 17:16:20,296 Modbus connection failed
2021-10-28 17:16:20,624 could not open port 'COM7': PermissionError(13, '拒绝访问。', None, 5)
2021-10-28 17:16:21,639 Modbus connection failed
2021-10-28 17:16:22,123 could not open port 'COM7': PermissionError(13, '拒绝访问。', None, 5)
2021-10-28 17:16:23,139 could not open port 'COM7': PermissionError(13, '拒绝访问。', None, 5)
2021-10-28 17:16:24,154 could not open port 'COM7': PermissionError(13, '拒绝访问。', None, 5)
2021-10-28 17:16:25,169 could not open port 'COM7': PermissionError(13, '拒绝访问。', None, 5)
2021-10-28 17:16:26,185 could not open port 'COM7': PermissionError(13, '拒绝访问。', None, 5)
2021-10-28 17:16:27,200 could not open port 'COM7': PermissionError(13, '拒绝访问。', None, 5)
2021-10-28 17:16:28,216 Modbus connection failed
2021-10-28 17:16:56,648 Com ports: xy_port= COM12, z_port= COM18, gripper_port= COM7, pipette_port= COM11
2021-10-28 17:16:58,741 could not open port 'COM7': PermissionError(13, '拒绝访问。', None, 5)
2021-10-28 17:16:59,756 could not open port 'COM7': PermissionError(13, '拒绝访问。', None, 5)
2021-10-28 17:17:00,772 could not open port 'COM7': PermissionError(13, '拒绝访问。', None, 5)
2021-10-28 17:17:01,787 could not open port 'COM7': PermissionError(13, '拒绝访问。', None, 5)
2021-10-28 17:17:02,709 Com ports: xy_port= COM12, z_port= COM18, gripper_port= COM7, pipette_port= COM11
2021-10-28 17:17:02,803 could not open port 'COM7': PermissionError(13, '拒绝访问。', None, 5)
2021-10-28 17:17:02,974 Com ports: xy_port= COM12, z_port= COM18, gripper_port= COM7, pipette_port= COM11
2021-10-28 17:17:03,819 could not open port 'COM7': PermissionError(13, '拒绝访问。', None, 5)
2021-10-28 17:17:04,778 could not open port 'COM7': PermissionError(13, '拒绝访问。', None, 5)
2021-10-28 17:17:04,839 Modbus connection failed
2021-10-28 17:17:05,780 could not open port 'COM7': PermissionError(13, '拒绝访问。', None, 5)
2021-10-28 17:17:06,786 could not open port 'COM7': PermissionError(13, '拒绝访问。', None, 5)
2021-10-28 17:17:07,801 could not open port 'COM7': PermissionError(13, '拒绝访问。', None, 5)
2021-10-28 17:17:08,816 could not open port 'COM7': PermissionError(13, '拒绝访问。', None, 5)
2021-10-28 17:17:09,832 could not open port 'COM7': PermissionError(13, '拒绝访问。', None, 5)
2021-10-28 17:17:10,847 Modbus connection failed
2021-10-28 17:17:27,275 Com ports: xy_port= COM12, z_port= COM18, gripper_port= COM7, pipette_port= COM11
2021-10-28 17:17:29,353 could not open port 'COM7': PermissionError(13, '拒绝访问。', None, 5)
2021-10-28 17:17:30,368 could not open port 'COM7': PermissionError(13, '拒绝访问。', None, 5)
2021-10-28 17:17:31,383 could not open port 'COM7': PermissionError(13, '拒绝访问。', None, 5)
2021-10-28 17:17:32,399 could not open port 'COM7': PermissionError(13, '拒绝访问。', None, 5)
2021-10-28 17:17:33,414 could not open port 'COM7': PermissionError(13, '拒绝访问。', None, 5)
2021-10-28 17:17:34,429 could not open port 'COM7': PermissionError(13, '拒绝访问。', None, 5)
2021-10-28 17:17:35,445 Modbus connection failed
2021-10-28 17:17:49,854 Com ports: xy_port= COM12, z_port= COM18, gripper_port= COM7, pipette_port= COM11
2021-10-28 17:17:51,931 could not open port 'COM7': PermissionError(13, '拒绝访问。', None, 5)
2021-10-28 17:17:52,947 could not open port 'COM7': PermissionError(13, '拒绝访问。', None, 5)
2021-10-28 17:17:53,962 could not open port 'COM7': PermissionError(13, '拒绝访问。', None, 5)
2021-10-28 17:17:54,977 could not open port 'COM7': PermissionError(13, '拒绝访问。', None, 5)
2021-10-28 17:17:55,993 could not open port 'COM7': PermissionError(13, '拒绝访问。', None, 5)
2021-10-28 17:17:57,008 could not open port 'COM7': PermissionError(13, '拒绝访问。', None, 5)
2021-10-28 17:17:58,023 Modbus connection failed
2021-10-28 17:18:21,316 Com ports: xy_port= COM12, z_port= COM18, gripper_port= COM7, pipette_port= COM11
2021-10-28 17:18:21,535 Com ports: xy_port= COM12, z_port= COM18, gripper_port= COM7, pipette_port= COM11
2021-10-28 17:45:32,975 Com ports: xy_port= COM12, z_port= COM3, gripper_port= COM7, pipette_port= COM11
2021-10-28 17:49:23,125 Com ports: xy_port= COM12, z_port= COM3, gripper_port= COM7, pipette_port= COM11
2021-10-28 17:50:48,839 Com ports: xy_port= COM12, z_port= COM3, gripper_port= COM7, pipette_port= COM11
2021-10-28 18:03:20,124 Simulation mode （模拟运行模式）..........................................................
2021-10-28 18:03:20,139 Reaction No. 1 of 3, (tracking number: 10/28/2021/18:03/1)
2021-10-28 18:03:20,155 Transfer AcOH (pure_liquid, 0.0057 mL) from vial@ (C4, C1), to reactor@ A1 ...
2021-10-28 18:03:20,217 Transfer MeOH (pure_liquid, 1.0 mL) from vial@ (C2, B2), to reactor@ A1 ...
2021-10-28 18:03:20,296 Transfer Phenethylamine (pure_liquid, 0.0109 mL) from vial@ (B4, A3), to reactor@ A1 ...
2021-10-28 18:03:20,358 Transfer Cyclobutanone (pure_liquid, 0.0102 mL) from vial@ (C4, A2), to reactor@ A1 ...
2021-10-28 18:03:20,436 Transfer NaBH3CN (solution, 0.5 mL) from vial@ (A2, A1), to reactor@ A1 ...
2021-10-28 18:03:20,499 Add cap to reactor@ A1
2021-10-28 18:03:20,514  
2021-10-28 18:03:20,530 Reaction No. 2 of 3, (tracking number: 10/28/2021/18:03/2)
2021-10-28 18:03:20,530 Transfer AcOH (pure_liquid, 0.0057 mL) from vial@ (C4, C1), to reactor@ A2 ...
2021-10-28 18:03:20,592 Transfer MeOH (pure_liquid, 1.0 mL) from vial@ (C2, B2), to reactor@ A2 ...
2021-10-28 18:03:20,655 Transfer Isopropylaniline (pure_liquid, 0.0109 mL) from vial@ (B4, B1), to reactor@ A2 ...
2021-10-28 18:03:20,718 Transfer p-anisaldehyde (pure_liquid, 0.0102 mL) from vial@ (C4, B3), to reactor@ A2 ...
2021-10-28 18:03:20,780 Transfer NaBH3CN (solution, 0.5 mL) from vial@ (A2, A1), to reactor@ A2 ...
2021-10-28 18:03:20,858 Add cap to reactor@ A2
2021-10-28 18:03:20,858  
2021-10-28 18:03:20,858 Reaction No. 3 of 3, (tracking number: 10/28/2021/18:03/3)
2021-10-28 18:03:20,874 Transfer AcOH (pure_liquid, 0.0057 mL) from vial@ (C4, C1), to reactor@ A3 ...
2021-10-28 18:03:20,936 Transfer MeOH (pure_liquid, 1.0 mL) from vial@ (C2, B2), to reactor@ A3 ...
2021-10-28 18:03:21,014 Transfer Aniline (pure_liquid, 0.0109 mL) from vial@ (B4, B2), to reactor@ A3 ...
2021-10-28 18:03:21,092 Transfer Hexanal (pure_liquid, 0.0102 mL) from vial@ (C4, B1), to reactor@ A3 ...
2021-10-28 18:03:21,155 Transfer NaBH3CN (solution, 0.5 mL) from vial@ (A2, A1), to reactor@ A3 ...
2021-10-28 18:03:21,217 Add cap to reactor@ A3
2021-10-28 18:03:21,233  
2021-10-28 18:03:21,233 *Finished*

2021-10-28 18:03:21,233 Synthesis plan was parsed successfully! All reagents have been located.
2021-10-28 18:03:21,249 Required plates: plate_10mL:002, plate_50mL:003, plate_10mL:001, plate_50mL:001

2021-10-28 18:03:21,249 End of simulation..................................................................

2021-10-28 18:03:51,259 Start running...........................................................................
2021-10-28 18:03:51,274 Reaction No. 1 of 3, (tracking number: 10/28/2021/18:03/1)
2021-10-28 18:03:51,274 Transfer AcOH (pure_liquid, 0.0057 mL) from vial@ (C4, C1), to reactor@ A1 ...
2021-10-28 18:03:59,288 Paused ......

